{"meta": {"format": 3, "version": "7.12.0", "timestamp": "2025-11-19T09:50:03.223384", "branch_coverage": false, "show_contexts": false}, "files": {"src/filesearch/__init__.py": {"executed_lines": [1, 10, 11, 12, 13, 14, 16, 17, 20, 26, 29, 35, 38], "summary": {"covered_lines": 12, "num_statements": 12, "percent_covered": 100.0, "percent_covered_display": "100", "missing_lines": 0, "excluded_lines": 0, "percent_statements_covered": 100.0, "percent_statements_covered_display": "100"}, "missing_lines": [], "excluded_lines": [], "functions": {"get_project_root": {"executed_lines": [26], "summary": {"covered_lines": 1, "num_statements": 1, "percent_covered": 100.0, "percent_covered_display": "100", "missing_lines": 0, "excluded_lines": 0, "percent_statements_covered": 100.0, "percent_statements_covered_display": "100"}, "missing_lines": [], "excluded_lines": []}, "get_version": {"executed_lines": [35], "summary": {"covered_lines": 1, "num_statements": 1, "percent_covered": 100.0, "percent_covered_display": "100", "missing_lines": 0, "excluded_lines": 0, "percent_statements_covered": 100.0, "percent_statements_covered_display": "100"}, "missing_lines": [], "excluded_lines": []}, "": {"executed_lines": [1, 10, 11, 12, 13, 14, 16, 17, 20, 29, 38], "summary": {"covered_lines": 10, "num_statements": 10, "percent_covered": 100.0, "percent_covered_display": "100", "missing_lines": 0, "excluded_lines": 0, "percent_statements_covered": 100.0, "percent_statements_covered_display": "100"}, "missing_lines": [], "excluded_lines": []}}, "classes": {"": {"executed_lines": [1, 10, 11, 12, 13, 14, 16, 17, 20, 26, 29, 35, 38], "summary": {"covered_lines": 12, "num_statements": 12, "percent_covered": 100.0, "percent_covered_display": "100", "missing_lines": 0, "excluded_lines": 0, "percent_statements_covered": 100.0, "percent_statements_covered_display": "100"}, "missing_lines": [], "excluded_lines": []}}}, "src/filesearch/core/config_manager.py": {"executed_lines": [1, 7, 8, 9, 10, 12, 13, 15, 16, 17, 19, 25, 28, 29, 43, 50, 51, 54, 55, 58, 61, 98, 99, 101, 104, 105, 108, 111, 112, 114, 116, 118, 121, 122, 124, 133, 147, 149, 150, 151, 153, 154, 155, 158, 161, 163, 164, 167, 168, 169, 170, 180, 191, 193, 194, 195, 198, 199, 200, 201, 204, 207, 209, 215, 221, 223, 226, 229, 230, 232, 241, 249, 250, 251, 254, 257, 258, 261, 264, 266, 268, 269, 271, 272, 280, 290, 293, 295, 296, 301, 303, 305, 307, 309, 315, 317, 322, 323, 324, 329, 330, 331, 335, 336, 341, 346, 351, 357, 358, 361, 362, 367, 370, 376, 377, 379, 381, 385, 391, 392, 397, 398, 403, 408, 413, 414, 419, 421, 422, 427, 433, 435, 437, 438, 440, 446, 448, 454, 456, 458, 459, 466, 467, 470, 471, 472, 483, 485, 486, 487, 490, 499, 509, 519, 525, 526, 529, 532, 535, 536, 539, 541, 546, 559, 569, 585], "summary": {"covered_lines": 164, "num_statements": 245, "percent_covered": 66.93877551020408, "percent_covered_display": "67", "missing_lines": 81, "excluded_lines": 0, "percent_statements_covered": 66.93877551020408, "percent_statements_covered_display": "67"}, "missing_lines": [20, 21, 22, 23, 126, 127, 128, 129, 130, 131, 173, 174, 176, 177, 178, 211, 212, 213, 234, 235, 236, 237, 238, 239, 273, 274, 275, 276, 277, 278, 337, 342, 347, 352, 359, 363, 368, 371, 378, 380, 382, 386, 393, 399, 404, 409, 415, 423, 424, 425, 460, 464, 474, 479, 480, 481, 491, 492, 493, 494, 496, 497, 505, 506, 507, 515, 516, 517, 543, 544, 552, 553, 554, 555, 556, 557, 561, 562, 563, 564, 565], "excluded_lines": [], "functions": {"ConfigManager.__init__": {"executed_lines": [50, 51, 54, 55, 58, 61, 98, 99, 101, 104, 105, 108, 111, 112], "summary": {"covered_lines": 14, "num_statements": 14, "percent_covered": 100.0, "percent_covered_display": "100", "missing_lines": 0, "excluded_lines": 0, "percent_statements_covered": 100.0, "percent_statements_covered_display": "100"}, "missing_lines": [], "excluded_lines": []}, "ConfigManager._create_default_config": {"executed_lines": [116, 118, 121, 122, 124], "summary": {"covered_lines": 5, "num_statements": 11, "percent_covered": 45.45454545454545, "percent_covered_display": "45", "missing_lines": 6, "excluded_lines": 0, "percent_statements_covered": 45.45454545454545, "percent_statements_covered_display": "45"}, "missing_lines": [126, 127, 128, 129, 130, 131], "excluded_lines": []}, "ConfigManager.get": {"executed_lines": [147, 149, 150, 151, 153, 154, 155, 158, 161, 163, 164, 167, 168, 169, 170], "summary": {"covered_lines": 15, "num_statements": 20, "percent_covered": 75.0, "percent_covered_display": "75", "missing_lines": 5, "excluded_lines": 0, "percent_statements_covered": 75.0, "percent_statements_covered_display": "75"}, "missing_lines": [173, 174, 176, 177, 178], "excluded_lines": []}, "ConfigManager.set": {"executed_lines": [191, 193, 194, 195, 198, 199, 200, 201, 204, 207, 209], "summary": {"covered_lines": 11, "num_statements": 14, "percent_covered": 78.57142857142857, "percent_covered_display": "79", "missing_lines": 3, "excluded_lines": 0, "percent_statements_covered": 78.57142857142857, "percent_statements_covered_display": "79"}, "missing_lines": [211, 212, 213], "excluded_lines": []}, "ConfigManager.save": {"executed_lines": [221, 223, 226, 229, 230, 232], "summary": {"covered_lines": 6, "num_statements": 12, "percent_covered": 50.0, "percent_covered_display": "50", "missing_lines": 6, "excluded_lines": 0, "percent_statements_covered": 50.0, "percent_statements_covered_display": "50"}, "missing_lines": [234, 235, 236, 237, 238, 239], "excluded_lines": []}, "ConfigManager.load": {"executed_lines": [249, 250, 251, 254, 257, 258, 261, 264, 266, 268, 269, 271, 272], "summary": {"covered_lines": 13, "num_statements": 19, "percent_covered": 68.42105263157895, "percent_covered_display": "68", "missing_lines": 6, "excluded_lines": 0, "percent_statements_covered": 68.42105263157895, "percent_statements_covered_display": "68"}, "missing_lines": [273, 274, 275, 276, 277, 278], "excluded_lines": []}, "ConfigManager._merge_with_defaults": {"executed_lines": [290, 307], "summary": {"covered_lines": 2, "num_statements": 2, "percent_covered": 100.0, "percent_covered_display": "100", "missing_lines": 0, "excluded_lines": 0, "percent_statements_covered": 100.0, "percent_statements_covered_display": "100"}, "missing_lines": [], "excluded_lines": []}, "ConfigManager._merge_with_defaults.deep_merge": {"executed_lines": [293, 295, 296, 301, 303, 305], "summary": {"covered_lines": 6, "num_statements": 6, "percent_covered": 100.0, "percent_covered_display": "100", "missing_lines": 0, "excluded_lines": 0, "percent_statements_covered": 100.0, "percent_statements_covered_display": "100"}, "missing_lines": [], "excluded_lines": []}, "ConfigManager._validate_config": {"executed_lines": [315, 317, 322, 323, 324, 329, 330, 331, 335, 336, 341, 346, 351, 357, 358, 361, 362, 367, 370, 376, 377, 379, 381, 385, 391, 392, 397, 398, 403, 408, 413, 414, 419, 421, 422], "summary": {"covered_lines": 35, "num_statements": 55, "percent_covered": 63.63636363636363, "percent_covered_display": "64", "missing_lines": 20, "excluded_lines": 0, "percent_statements_covered": 63.63636363636363, "percent_statements_covered_display": "64"}, "missing_lines": [337, 342, 347, 352, 359, 363, 368, 371, 378, 380, 382, 386, 393, 399, 404, 409, 415, 423, 424, 425], "excluded_lines": []}, "ConfigManager.get_all": {"executed_lines": [433], "summary": {"covered_lines": 1, "num_statements": 1, "percent_covered": 100.0, "percent_covered_display": "100", "missing_lines": 0, "excluded_lines": 0, "percent_statements_covered": 100.0, "percent_statements_covered_display": "100"}, "missing_lines": [], "excluded_lines": []}, "ConfigManager.reset_to_defaults": {"executed_lines": [437, 438], "summary": {"covered_lines": 2, "num_statements": 2, "percent_covered": 100.0, "percent_covered_display": "100", "missing_lines": 0, "excluded_lines": 0, "percent_statements_covered": 100.0, "percent_statements_covered_display": "100"}, "missing_lines": [], "excluded_lines": []}, "ConfigManager.get_config_file_path": {"executed_lines": [446], "summary": {"covered_lines": 1, "num_statements": 1, "percent_covered": 100.0, "percent_covered_display": "100", "missing_lines": 0, "excluded_lines": 0, "percent_statements_covered": 100.0, "percent_statements_covered_display": "100"}, "missing_lines": [], "excluded_lines": []}, "ConfigManager.get_config_dir": {"executed_lines": [454], "summary": {"covered_lines": 1, "num_statements": 1, "percent_covered": 100.0, "percent_covered_display": "100", "missing_lines": 0, "excluded_lines": 0, "percent_statements_covered": 100.0, "percent_statements_covered_display": "100"}, "missing_lines": [], "excluded_lines": []}, "ConfigManager._setup_file_watcher": {"executed_lines": [458, 459, 466, 467, 470, 471, 472], "summary": {"covered_lines": 7, "num_statements": 13, "percent_covered": 53.84615384615385, "percent_covered_display": "54", "missing_lines": 6, "excluded_lines": 0, "percent_statements_covered": 53.84615384615385, "percent_statements_covered_display": "54"}, "missing_lines": [460, 464, 474, 479, 480, 481], "excluded_lines": []}, "ConfigManager._on_config_file_changed": {"executed_lines": [485, 486, 487, 490], "summary": {"covered_lines": 4, "num_statements": 10, "percent_covered": 40.0, "percent_covered_display": "40", "missing_lines": 6, "excluded_lines": 0, "percent_statements_covered": 40.0, "percent_statements_covered_display": "40"}, "missing_lines": [491, 492, 493, 494, 496, 497], "excluded_lines": []}, "ConfigManager.add_reload_callback": {"executed_lines": [], "summary": {"covered_lines": 0, "num_statements": 3, "percent_covered": 0.0, "percent_covered_display": "0", "missing_lines": 3, "excluded_lines": 0, "percent_statements_covered": 0.0, "percent_statements_covered_display": "0"}, "missing_lines": [505, 506, 507], "excluded_lines": []}, "ConfigManager.remove_reload_callback": {"executed_lines": [], "summary": {"covered_lines": 0, "num_statements": 3, "percent_covered": 0.0, "percent_covered_display": "0", "missing_lines": 3, "excluded_lines": 0, "percent_statements_covered": 0.0, "percent_statements_covered_display": "0"}, "missing_lines": [515, 516, 517], "excluded_lines": []}, "ConfigManager.add_recent_file": {"executed_lines": [525, 526, 529, 532, 535, 536, 539, 541], "summary": {"covered_lines": 8, "num_statements": 10, "percent_covered": 80.0, "percent_covered_display": "80", "missing_lines": 2, "excluded_lines": 0, "percent_statements_covered": 80.0, "percent_statements_covered_display": "80"}, "missing_lines": [543, 544], "excluded_lines": []}, "ConfigManager.get_recent_files": {"executed_lines": [], "summary": {"covered_lines": 0, "num_statements": 6, "percent_covered": 0.0, "percent_covered_display": "0", "missing_lines": 6, "excluded_lines": 0, "percent_statements_covered": 0.0, "percent_statements_covered_display": "0"}, "missing_lines": [552, 553, 554, 555, 556, 557], "excluded_lines": []}, "ConfigManager.clear_recent_files": {"executed_lines": [], "summary": {"covered_lines": 0, "num_statements": 5, "percent_covered": 0.0, "percent_covered_display": "0", "missing_lines": 5, "excluded_lines": 0, "percent_statements_covered": 0.0, "percent_statements_covered_display": "0"}, "missing_lines": [561, 562, 563, 564, 565], "excluded_lines": []}, "get_config": {"executed_lines": [585], "summary": {"covered_lines": 1, "num_statements": 1, "percent_covered": 100.0, "percent_covered_display": "100", "missing_lines": 0, "excluded_lines": 0, "percent_statements_covered": 100.0, "percent_statements_covered_display": "100"}, "missing_lines": [], "excluded_lines": []}, "": {"executed_lines": [1, 7, 8, 9, 10, 12, 13, 15, 16, 17, 19, 25, 28, 29, 43, 114, 133, 180, 215, 241, 280, 309, 427, 435, 440, 448, 456, 483, 499, 509, 519, 546, 559, 569], "summary": {"covered_lines": 32, "num_statements": 36, "percent_covered": 88.88888888888889, "percent_covered_display": "89", "missing_lines": 4, "excluded_lines": 0, "percent_statements_covered": 88.88888888888889, "percent_statements_covered_display": "89"}, "missing_lines": [20, 21, 22, 23], "excluded_lines": []}}, "classes": {"ConfigManager": {"executed_lines": [50, 51, 54, 55, 58, 61, 98, 99, 101, 104, 105, 108, 111, 112, 116, 118, 121, 122, 124, 147, 149, 150, 151, 153, 154, 155, 158, 161, 163, 164, 167, 168, 169, 170, 191, 193, 194, 195, 198, 199, 200, 201, 204, 207, 209, 221, 223, 226, 229, 230, 232, 249, 250, 251, 254, 257, 258, 261, 264, 266, 268, 269, 271, 272, 290, 293, 295, 296, 301, 303, 305, 307, 315, 317, 322, 323, 324, 329, 330, 331, 335, 336, 341, 346, 351, 357, 358, 361, 362, 367, 370, 376, 377, 379, 381, 385, 391, 392, 397, 398, 403, 408, 413, 414, 419, 421, 422, 433, 437, 438, 446, 454, 458, 459, 466, 467, 470, 471, 472, 485, 486, 487, 490, 525, 526, 529, 532, 535, 536, 539, 541], "summary": {"covered_lines": 131, "num_statements": 208, "percent_covered": 62.98076923076923, "percent_covered_display": "63", "missing_lines": 77, "excluded_lines": 0, "percent_statements_covered": 62.98076923076923, "percent_statements_covered_display": "63"}, "missing_lines": [126, 127, 128, 129, 130, 131, 173, 174, 176, 177, 178, 211, 212, 213, 234, 235, 236, 237, 238, 239, 273, 274, 275, 276, 277, 278, 337, 342, 347, 352, 359, 363, 368, 371, 378, 380, 382, 386, 393, 399, 404, 409, 415, 423, 424, 425, 460, 464, 474, 479, 480, 481, 491, 492, 493, 494, 496, 497, 505, 506, 507, 515, 516, 517, 543, 544, 552, 553, 554, 555, 556, 557, 561, 562, 563, 564, 565], "excluded_lines": []}, "": {"executed_lines": [1, 7, 8, 9, 10, 12, 13, 15, 16, 17, 19, 25, 28, 29, 43, 114, 133, 180, 215, 241, 280, 309, 427, 435, 440, 448, 456, 483, 499, 509, 519, 546, 559, 569, 585], "summary": {"covered_lines": 33, "num_statements": 37, "percent_covered": 89.1891891891892, "percent_covered_display": "89", "missing_lines": 4, "excluded_lines": 0, "percent_statements_covered": 89.1891891891892, "percent_statements_covered_display": "89"}, "missing_lines": [20, 21, 22, 23], "excluded_lines": []}}}, "src/filesearch/core/exceptions.py": {"executed_lines": [1, 8, 11, 12, 24, 26, 27, 28, 29, 31, 33, 34, 35, 38, 39, 54, 57, 58, 59, 62, 63, 78, 81, 82, 85, 86, 102, 105, 106, 107, 110, 111, 125, 128, 129, 132], "summary": {"covered_lines": 30, "num_statements": 30, "percent_covered": 100.0, "percent_covered_display": "100", "missing_lines": 0, "excluded_lines": 0, "percent_statements_covered": 100.0, "percent_statements_covered_display": "100"}, "missing_lines": [], "excluded_lines": [], "functions": {"FileSearchError.__init__": {"executed_lines": [26, 27, 28, 29], "summary": {"covered_lines": 4, "num_statements": 4, "percent_covered": 100.0, "percent_covered_display": "100", "missing_lines": 0, "excluded_lines": 0, "percent_statements_covered": 100.0, "percent_statements_covered_display": "100"}, "missing_lines": [], "excluded_lines": []}, "FileSearchError.__str__": {"executed_lines": [33, 34, 35], "summary": {"covered_lines": 3, "num_statements": 3, "percent_covered": 100.0, "percent_covered_display": "100", "missing_lines": 0, "excluded_lines": 0, "percent_statements_covered": 100.0, "percent_statements_covered_display": "100"}, "missing_lines": [], "excluded_lines": []}, "SearchError.__init__": {"executed_lines": [57, 58, 59], "summary": {"covered_lines": 3, "num_statements": 3, "percent_covered": 100.0, "percent_covered_display": "100", "missing_lines": 0, "excluded_lines": 0, "percent_statements_covered": 100.0, "percent_statements_covered_display": "100"}, "missing_lines": [], "excluded_lines": []}, "PluginError.__init__": {"executed_lines": [81, 82], "summary": {"covered_lines": 2, "num_statements": 2, "percent_covered": 100.0, "percent_covered_display": "100", "missing_lines": 0, "excluded_lines": 0, "percent_statements_covered": 100.0, "percent_statements_covered_display": "100"}, "missing_lines": [], "excluded_lines": []}, "ConfigError.__init__": {"executed_lines": [105, 106, 107], "summary": {"covered_lines": 3, "num_statements": 3, "percent_covered": 100.0, "percent_covered_display": "100", "missing_lines": 0, "excluded_lines": 0, "percent_statements_covered": 100.0, "percent_statements_covered_display": "100"}, "missing_lines": [], "excluded_lines": []}, "UIError.__init__": {"executed_lines": [128, 129], "summary": {"covered_lines": 2, "num_statements": 2, "percent_covered": 100.0, "percent_covered_display": "100", "missing_lines": 0, "excluded_lines": 0, "percent_statements_covered": 100.0, "percent_statements_covered_display": "100"}, "missing_lines": [], "excluded_lines": []}, "": {"executed_lines": [1, 8, 11, 12, 24, 31, 38, 39, 54, 62, 63, 78, 85, 86, 102, 110, 111, 125, 132], "summary": {"covered_lines": 13, "num_statements": 13, "percent_covered": 100.0, "percent_covered_display": "100", "missing_lines": 0, "excluded_lines": 0, "percent_statements_covered": 100.0, "percent_statements_covered_display": "100"}, "missing_lines": [], "excluded_lines": []}}, "classes": {"FileSearchError": {"executed_lines": [26, 27, 28, 29, 33, 34, 35], "summary": {"covered_lines": 7, "num_statements": 7, "percent_covered": 100.0, "percent_covered_display": "100", "missing_lines": 0, "excluded_lines": 0, "percent_statements_covered": 100.0, "percent_statements_covered_display": "100"}, "missing_lines": [], "excluded_lines": []}, "SearchError": {"executed_lines": [57, 58, 59], "summary": {"covered_lines": 3, "num_statements": 3, "percent_covered": 100.0, "percent_covered_display": "100", "missing_lines": 0, "excluded_lines": 0, "percent_statements_covered": 100.0, "percent_statements_covered_display": "100"}, "missing_lines": [], "excluded_lines": []}, "PluginError": {"executed_lines": [81, 82], "summary": {"covered_lines": 2, "num_statements": 2, "percent_covered": 100.0, "percent_covered_display": "100", "missing_lines": 0, "excluded_lines": 0, "percent_statements_covered": 100.0, "percent_statements_covered_display": "100"}, "missing_lines": [], "excluded_lines": []}, "ConfigError": {"executed_lines": [105, 106, 107], "summary": {"covered_lines": 3, "num_statements": 3, "percent_covered": 100.0, "percent_covered_display": "100", "missing_lines": 0, "excluded_lines": 0, "percent_statements_covered": 100.0, "percent_statements_covered_display": "100"}, "missing_lines": [], "excluded_lines": []}, "UIError": {"executed_lines": [128, 129], "summary": {"covered_lines": 2, "num_statements": 2, "percent_covered": 100.0, "percent_covered_display": "100", "missing_lines": 0, "excluded_lines": 0, "percent_statements_covered": 100.0, "percent_statements_covered_display": "100"}, "missing_lines": [], "excluded_lines": []}, "": {"executed_lines": [1, 8, 11, 12, 24, 31, 38, 39, 54, 62, 63, 78, 85, 86, 102, 110, 111, 125, 132], "summary": {"covered_lines": 13, "num_statements": 13, "percent_covered": 100.0, "percent_covered_display": "100", "missing_lines": 0, "excluded_lines": 0, "percent_statements_covered": 100.0, "percent_statements_covered_display": "100"}, "missing_lines": [], "excluded_lines": []}}}, "src/filesearch/core/file_utils.py": {"executed_lines": [1, 7, 8, 9, 10, 11, 12, 14, 15, 16, 18, 21, 43, 44, 46, 47, 49, 51, 60, 61, 63, 66, 67, 68, 71, 99, 100, 102, 103, 105, 106, 109, 121, 123, 124, 125, 126, 127, 129, 133, 135, 136, 138, 139, 140, 153, 155, 160, 161, 165, 170, 171, 173, 174, 176, 177, 181, 183, 185, 191, 217, 218, 220, 221, 224, 225, 227, 229, 232, 233, 235, 241, 246, 248, 249, 251, 257, 262, 265, 266, 268, 269, 274, 275, 276, 277, 282, 283, 285, 287, 292, 296, 298, 301, 304, 305, 306, 310, 316, 328, 329, 332, 344, 345, 348, 360, 361, 364, 378, 380, 381, 382, 385, 388, 397, 399, 401, 402, 405, 406, 408, 411, 492, 530, 539, 540, 545, 547, 548, 549, 551, 552, 554, 557, 570, 572, 573, 574, 576, 578, 579, 581, 582, 583, 585, 588, 589, 590, 595, 605, 606, 608, 609, 610, 611, 613, 614, 616, 618, 619], "summary": {"covered_lines": 159, "num_statements": 237, "percent_covered": 67.0886075949367, "percent_covered_display": "67", "missing_lines": 78, "excluded_lines": 0, "percent_statements_covered": 67.0886075949367, "percent_statements_covered_display": "67"}, "missing_lines": [64, 65, 110, 113, 114, 119, 141, 142, 144, 150, 151, 186, 187, 188, 299, 300, 302, 303, 421, 422, 423, 424, 426, 428, 429, 433, 434, 449, 450, 453, 455, 456, 457, 460, 461, 464, 465, 468, 469, 470, 471, 473, 474, 475, 478, 479, 481, 482, 483, 484, 486, 487, 489, 502, 503, 505, 506, 507, 512, 515, 516, 521, 523, 525, 526, 527, 586, 587, 591, 592, 621, 622, 623, 624, 625, 626, 627, 628], "excluded_lines": [], "functions": {"get_file_info": {"executed_lines": [43, 44, 46, 47, 49, 51, 60, 61, 63, 66, 67, 68], "summary": {"covered_lines": 12, "num_statements": 14, "percent_covered": 85.71428571428571, "percent_covered_display": "86", "missing_lines": 2, "excluded_lines": 0, "percent_statements_covered": 85.71428571428571, "percent_statements_covered_display": "86"}, "missing_lines": [64, 65], "excluded_lines": []}, "safe_open": {"executed_lines": [99, 100, 102, 103, 105, 106, 109, 121, 123, 124, 125, 126, 127, 129, 133, 135, 136, 138, 139, 140, 153, 155, 160, 161, 165, 170, 171, 173, 174, 176, 177, 181, 183, 185], "summary": {"covered_lines": 34, "num_statements": 46, "percent_covered": 73.91304347826087, "percent_covered_display": "74", "missing_lines": 12, "excluded_lines": 0, "percent_statements_covered": 73.91304347826087, "percent_statements_covered_display": "74"}, "missing_lines": [110, 113, 114, 119, 141, 142, 144, 150, 151, 186, 187, 188], "excluded_lines": []}, "reveal_file_in_folder": {"executed_lines": [217, 218, 220, 221, 224, 225, 227, 229, 232, 233, 235, 241, 246, 248, 249, 251, 257, 262, 265, 266, 268, 269, 274, 275, 276, 277, 282, 283, 285, 287, 292, 296, 298, 301, 304, 305, 306], "summary": {"covered_lines": 37, "num_statements": 41, "percent_covered": 90.2439024390244, "percent_covered_display": "90", "missing_lines": 4, "excluded_lines": 0, "percent_statements_covered": 90.2439024390244, "percent_statements_covered_display": "90"}, "missing_lines": [299, 300, 302, 303], "excluded_lines": []}, "get_file_size": {"executed_lines": [328, 329], "summary": {"covered_lines": 2, "num_statements": 2, "percent_covered": 100.0, "percent_covered_display": "100", "missing_lines": 0, "excluded_lines": 0, "percent_statements_covered": 100.0, "percent_statements_covered_display": "100"}, "missing_lines": [], "excluded_lines": []}, "get_file_modified_time": {"executed_lines": [344, 345], "summary": {"covered_lines": 2, "num_statements": 2, "percent_covered": 100.0, "percent_covered_display": "100", "missing_lines": 0, "excluded_lines": 0, "percent_statements_covered": 100.0, "percent_statements_covered_display": "100"}, "missing_lines": [], "excluded_lines": []}, "is_directory": {"executed_lines": [360, 361], "summary": {"covered_lines": 2, "num_statements": 2, "percent_covered": 100.0, "percent_covered_display": "100", "missing_lines": 0, "excluded_lines": 0, "percent_statements_covered": 100.0, "percent_statements_covered_display": "100"}, "missing_lines": [], "excluded_lines": []}, "normalize_path": {"executed_lines": [378, 380, 381, 382, 385], "summary": {"covered_lines": 5, "num_statements": 5, "percent_covered": 100.0, "percent_covered_display": "100", "missing_lines": 0, "excluded_lines": 0, "percent_statements_covered": 100.0, "percent_statements_covered_display": "100"}, "missing_lines": [], "excluded_lines": []}, "validate_directory": {"executed_lines": [397, 399, 401, 402, 405, 406, 408], "summary": {"covered_lines": 7, "num_statements": 7, "percent_covered": 100.0, "percent_covered_display": "100", "missing_lines": 0, "excluded_lines": 0, "percent_statements_covered": 100.0, "percent_statements_covered_display": "100"}, "missing_lines": [], "excluded_lines": []}, "get_associated_applications": {"executed_lines": [], "summary": {"covered_lines": 0, "num_statements": 35, "percent_covered": 0.0, "percent_covered_display": "0", "missing_lines": 35, "excluded_lines": 0, "percent_statements_covered": 0.0, "percent_statements_covered_display": "0"}, "missing_lines": [421, 422, 423, 424, 426, 428, 429, 433, 434, 449, 450, 453, 455, 456, 457, 460, 461, 464, 465, 468, 469, 470, 471, 473, 474, 475, 478, 479, 481, 482, 483, 484, 486, 487, 489], "excluded_lines": []}, "open_with_application": {"executed_lines": [], "summary": {"covered_lines": 0, "num_statements": 13, "percent_covered": 0.0, "percent_covered_display": "0", "missing_lines": 13, "excluded_lines": 0, "percent_statements_covered": 0.0, "percent_statements_covered_display": "0"}, "missing_lines": [502, 503, 505, 506, 507, 512, 515, 516, 521, 523, 525, 526, 527], "excluded_lines": []}, "validate_filename": {"executed_lines": [539, 540, 545, 547, 548, 549, 551, 552, 554], "summary": {"covered_lines": 9, "num_statements": 9, "percent_covered": 100.0, "percent_covered_display": "100", "missing_lines": 0, "excluded_lines": 0, "percent_statements_covered": 100.0, "percent_statements_covered_display": "100"}, "missing_lines": [], "excluded_lines": []}, "rename_file": {"executed_lines": [570, 572, 573, 574, 576, 578, 579, 581, 582, 583, 585, 588, 589, 590], "summary": {"covered_lines": 14, "num_statements": 18, "percent_covered": 77.77777777777777, "percent_covered_display": "78", "missing_lines": 4, "excluded_lines": 0, "percent_statements_covered": 77.77777777777777, "percent_statements_covered_display": "78"}, "missing_lines": [586, 587, 591, 592], "excluded_lines": []}, "delete_file": {"executed_lines": [605, 606, 608, 609, 610, 611, 613, 614, 616, 618, 619], "summary": {"covered_lines": 11, "num_statements": 19, "percent_covered": 57.89473684210526, "percent_covered_display": "58", "missing_lines": 8, "excluded_lines": 0, "percent_statements_covered": 57.89473684210526, "percent_statements_covered_display": "58"}, "missing_lines": [621, 622, 623, 624, 625, 626, 627, 628], "excluded_lines": []}, "": {"executed_lines": [1, 7, 8, 9, 10, 11, 12, 14, 15, 16, 18, 21, 71, 191, 310, 316, 332, 348, 364, 388, 411, 492, 530, 557, 595], "summary": {"covered_lines": 24, "num_statements": 24, "percent_covered": 100.0, "percent_covered_display": "100", "missing_lines": 0, "excluded_lines": 0, "percent_statements_covered": 100.0, "percent_statements_covered_display": "100"}, "missing_lines": [], "excluded_lines": []}}, "classes": {"": {"executed_lines": [1, 7, 8, 9, 10, 11, 12, 14, 15, 16, 18, 21, 43, 44, 46, 47, 49, 51, 60, 61, 63, 66, 67, 68, 71, 99, 100, 102, 103, 105, 106, 109, 121, 123, 124, 125, 126, 127, 129, 133, 135, 136, 138, 139, 140, 153, 155, 160, 161, 165, 170, 171, 173, 174, 176, 177, 181, 183, 185, 191, 217, 218, 220, 221, 224, 225, 227, 229, 232, 233, 235, 241, 246, 248, 249, 251, 257, 262, 265, 266, 268, 269, 274, 275, 276, 277, 282, 283, 285, 287, 292, 296, 298, 301, 304, 305, 306, 310, 316, 328, 329, 332, 344, 345, 348, 360, 361, 364, 378, 380, 381, 382, 385, 388, 397, 399, 401, 402, 405, 406, 408, 411, 492, 530, 539, 540, 545, 547, 548, 549, 551, 552, 554, 557, 570, 572, 573, 574, 576, 578, 579, 581, 582, 583, 585, 588, 589, 590, 595, 605, 606, 608, 609, 610, 611, 613, 614, 616, 618, 619], "summary": {"covered_lines": 159, "num_statements": 237, "percent_covered": 67.0886075949367, "percent_covered_display": "67", "missing_lines": 78, "excluded_lines": 0, "percent_statements_covered": 67.0886075949367, "percent_statements_covered_display": "67"}, "missing_lines": [64, 65, 110, 113, 114, 119, 141, 142, 144, 150, 151, 186, 187, 188, 299, 300, 302, 303, 421, 422, 423, 424, 426, 428, 429, 433, 434, 449, 450, 453, 455, 456, 457, 460, 461, 464, 465, 468, 469, 470, 471, 473, 474, 475, 478, 479, 481, 482, 483, 484, 486, 487, 489, 502, 503, 505, 506, 507, 512, 515, 516, 521, 523, 525, 526, 527, 586, 587, 591, 592, 621, 622, 623, 624, 625, 626, 627, 628], "excluded_lines": []}}}, "src/filesearch/core/search_engine.py": {"executed_lines": [1, 8, 9, 10, 11, 12, 13, 15, 16, 18, 19, 22, 23, 37, 38, 40, 55, 56, 59, 60, 63, 66, 69, 72, 76, 77, 78, 79, 80, 82, 83, 84, 85, 88, 89, 92, 93, 95, 100, 109, 111, 112, 114, 120, 122, 124, 126, 136, 137, 140, 147, 162, 167, 171, 172, 174, 175, 176, 177, 179, 181, 184, 186, 194, 195, 196, 199, 200, 204, 205, 208, 225, 229, 230, 232, 234, 238, 261, 271, 272, 277, 302, 324, 327, 328, 330, 331, 333, 334, 336, 337, 340, 343, 345, 347, 350, 351, 354, 359, 360, 366, 369, 370, 371, 372, 379, 381, 384, 399, 401, 406, 410, 428, 429], "summary": {"covered_lines": 112, "num_statements": 175, "percent_covered": 64.0, "percent_covered_display": "64", "missing_lines": 63, "excluded_lines": 0, "percent_statements_covered": 64.0, "percent_statements_covered_display": "64"}, "missing_lines": [107, 138, 141, 142, 145, 163, 164, 168, 169, 182, 187, 188, 192, 209, 210, 214, 215, 218, 219, 220, 235, 239, 241, 244, 245, 249, 251, 254, 255, 258, 265, 266, 269, 273, 274, 275, 286, 287, 288, 290, 293, 295, 296, 297, 298, 299, 300, 361, 362, 363, 380, 385, 390, 391, 392, 393, 394, 395, 396, 397, 402, 403, 404], "excluded_lines": [], "functions": {"FileSearchEngine.__init__": {"executed_lines": [55, 56, 59, 60, 63, 66, 69, 72, 76, 77, 78, 79, 80, 82, 83, 84, 85, 88, 89, 92, 93, 95], "summary": {"covered_lines": 22, "num_statements": 22, "percent_covered": 100.0, "percent_covered_display": "100", "missing_lines": 0, "excluded_lines": 0, "percent_statements_covered": 100.0, "percent_statements_covered_display": "100"}, "missing_lines": [], "excluded_lines": []}, "FileSearchEngine.set_progress_callback": {"executed_lines": [], "summary": {"covered_lines": 0, "num_statements": 1, "percent_covered": 0.0, "percent_covered_display": "0", "missing_lines": 1, "excluded_lines": 0, "percent_statements_covered": 0.0, "percent_statements_covered_display": "0"}, "missing_lines": [107], "excluded_lines": []}, "FileSearchEngine.cancel": {"executed_lines": [111, 112], "summary": {"covered_lines": 2, "num_statements": 2, "percent_covered": 100.0, "percent_covered_display": "100", "missing_lines": 0, "excluded_lines": 0, "percent_statements_covered": 100.0, "percent_statements_covered_display": "100"}, "missing_lines": [], "excluded_lines": []}, "FileSearchEngine._should_cancel": {"executed_lines": [120], "summary": {"covered_lines": 1, "num_statements": 1, "percent_covered": 100.0, "percent_covered_display": "100", "missing_lines": 0, "excluded_lines": 0, "percent_statements_covered": 100.0, "percent_statements_covered_display": "100"}, "missing_lines": [], "excluded_lines": []}, "FileSearchEngine._reset_cancel_state": {"executed_lines": [124], "summary": {"covered_lines": 1, "num_statements": 1, "percent_covered": 100.0, "percent_covered_display": "100", "missing_lines": 0, "excluded_lines": 0, "percent_statements_covered": 100.0, "percent_statements_covered_display": "100"}, "missing_lines": [], "excluded_lines": []}, "FileSearchEngine._match_pattern": {"executed_lines": [136, 137, 140], "summary": {"covered_lines": 3, "num_statements": 7, "percent_covered": 42.857142857142854, "percent_covered_display": "43", "missing_lines": 4, "excluded_lines": 0, "percent_statements_covered": 42.857142857142854, "percent_statements_covered_display": "43"}, "missing_lines": [138, 141, 142, 145], "excluded_lines": []}, "FileSearchEngine._scan_directory": {"executed_lines": [162, 167, 171, 172, 174, 175, 176, 177, 179, 181, 184, 186, 194, 195, 196, 199, 200, 204, 205, 208, 225, 229, 230, 232, 234, 238, 261, 271, 272], "summary": {"covered_lines": 29, "num_statements": 60, "percent_covered": 48.333333333333336, "percent_covered_display": "48", "missing_lines": 31, "excluded_lines": 0, "percent_statements_covered": 48.333333333333336, "percent_statements_covered_display": "48"}, "missing_lines": [163, 164, 168, 169, 182, 187, 188, 192, 209, 210, 214, 215, 218, 219, 220, 235, 239, 241, 244, 245, 249, 251, 254, 255, 258, 265, 266, 269, 273, 274, 275], "excluded_lines": []}, "FileSearchEngine.estimate_total_files": {"executed_lines": [], "summary": {"covered_lines": 0, "num_statements": 11, "percent_covered": 0.0, "percent_covered_display": "0", "missing_lines": 11, "excluded_lines": 0, "percent_statements_covered": 0.0, "percent_statements_covered_display": "0"}, "missing_lines": [286, 287, 288, 290, 293, 295, 296, 297, 298, 299, 300], "excluded_lines": []}, "FileSearchEngine.search": {"executed_lines": [324, 327, 328, 330, 331, 333, 334, 336, 337, 340, 343, 345, 347, 350, 351, 354, 359, 360, 366, 369, 370, 371, 372, 379, 381, 384, 399, 401, 406], "summary": {"covered_lines": 29, "num_statements": 45, "percent_covered": 64.44444444444444, "percent_covered_display": "64", "missing_lines": 16, "excluded_lines": 0, "percent_statements_covered": 64.44444444444444, "percent_statements_covered_display": "64"}, "missing_lines": [361, 362, 363, 380, 385, 390, 391, 392, 393, 394, 395, 396, 397, 402, 403, 404], "excluded_lines": []}, "search_files": {"executed_lines": [428, 429], "summary": {"covered_lines": 2, "num_statements": 2, "percent_covered": 100.0, "percent_covered_display": "100", "missing_lines": 0, "excluded_lines": 0, "percent_statements_covered": 100.0, "percent_statements_covered_display": "100"}, "missing_lines": [], "excluded_lines": []}, "": {"executed_lines": [1, 8, 9, 10, 11, 12, 13, 15, 16, 18, 19, 22, 23, 37, 38, 40, 100, 109, 114, 122, 126, 147, 277, 302, 410], "summary": {"covered_lines": 23, "num_statements": 23, "percent_covered": 100.0, "percent_covered_display": "100", "missing_lines": 0, "excluded_lines": 0, "percent_statements_covered": 100.0, "percent_statements_covered_display": "100"}, "missing_lines": [], "excluded_lines": []}}, "classes": {"FileSearchEngine": {"executed_lines": [55, 56, 59, 60, 63, 66, 69, 72, 76, 77, 78, 79, 80, 82, 83, 84, 85, 88, 89, 92, 93, 95, 111, 112, 120, 124, 136, 137, 140, 162, 167, 171, 172, 174, 175, 176, 177, 179, 181, 184, 186, 194, 195, 196, 199, 200, 204, 205, 208, 225, 229, 230, 232, 234, 238, 261, 271, 272, 324, 327, 328, 330, 331, 333, 334, 336, 337, 340, 343, 345, 347, 350, 351, 354, 359, 360, 366, 369, 370, 371, 372, 379, 381, 384, 399, 401, 406], "summary": {"covered_lines": 87, "num_statements": 150, "percent_covered": 58.0, "percent_covered_display": "58", "missing_lines": 63, "excluded_lines": 0, "percent_statements_covered": 58.0, "percent_statements_covered_display": "58"}, "missing_lines": [107, 138, 141, 142, 145, 163, 164, 168, 169, 182, 187, 188, 192, 209, 210, 214, 215, 218, 219, 220, 235, 239, 241, 244, 245, 249, 251, 254, 255, 258, 265, 266, 269, 273, 274, 275, 286, 287, 288, 290, 293, 295, 296, 297, 298, 299, 300, 361, 362, 363, 380, 385, 390, 391, 392, 393, 394, 395, 396, 397, 402, 403, 404], "excluded_lines": []}, "": {"executed_lines": [1, 8, 9, 10, 11, 12, 13, 15, 16, 18, 19, 22, 23, 37, 38, 40, 100, 109, 114, 122, 126, 147, 277, 302, 410, 428, 429], "summary": {"covered_lines": 25, "num_statements": 25, "percent_covered": 100.0, "percent_covered_display": "100", "missing_lines": 0, "excluded_lines": 0, "percent_statements_covered": 100.0, "percent_statements_covered_display": "100"}, "missing_lines": [], "excluded_lines": []}}}, "src/filesearch/core/security_manager.py": {"executed_lines": [1, 7, 8, 9, 11, 13, 16, 17, 24, 29, 34, 39, 45, 46, 47, 48, 51, 52, 54, 60, 62, 63, 65, 66, 67, 68, 69, 71, 73, 74, 76, 85, 86, 87, 90, 91, 92, 95, 96, 99, 101, 102, 105, 106, 107, 110, 113, 117, 123, 132, 133, 136, 138, 139, 140, 142, 143, 144, 147, 149, 155, 156, 157, 159, 160, 162, 165, 166, 168, 174, 175, 176, 178, 179, 181, 184, 185, 187, 193, 195, 201, 203, 209, 211, 213, 216, 218, 219, 222, 223, 225, 227, 228, 230, 232, 235, 237, 241, 244, 246, 247, 251, 254, 265, 266, 268, 271, 280, 281, 284, 293, 294], "summary": {"covered_lines": 110, "num_statements": 117, "percent_covered": 94.01709401709402, "percent_covered_display": "94", "missing_lines": 7, "excluded_lines": 0, "percent_statements_covered": 94.01709401709402, "percent_statements_covered_display": "94"}, "missing_lines": [114, 115, 119, 120, 121, 214, 233], "excluded_lines": [], "functions": {"SecurityManager.__init__": {"executed_lines": [45, 46, 47, 48, 51, 52], "summary": {"covered_lines": 6, "num_statements": 6, "percent_covered": 100.0, "percent_covered_display": "100", "missing_lines": 0, "excluded_lines": 0, "percent_statements_covered": 100.0, "percent_statements_covered_display": "100"}, "missing_lines": [], "excluded_lines": []}, "SecurityManager._get_platform_executable_extensions": {"executed_lines": [60, 62, 63, 65, 66, 67, 68, 69, 71, 73, 74], "summary": {"covered_lines": 11, "num_statements": 11, "percent_covered": 100.0, "percent_covered_display": "100", "missing_lines": 0, "excluded_lines": 0, "percent_statements_covered": 100.0, "percent_statements_covered_display": "100"}, "missing_lines": [], "excluded_lines": []}, "SecurityManager.is_executable": {"executed_lines": [85, 86, 87, 90, 91, 92, 95, 96, 99, 101, 102, 105, 106, 107, 110, 113, 117], "summary": {"covered_lines": 17, "num_statements": 22, "percent_covered": 77.27272727272727, "percent_covered_display": "77", "missing_lines": 5, "excluded_lines": 0, "percent_statements_covered": 77.27272727272727, "percent_statements_covered_display": "77"}, "missing_lines": [114, 115, 119, 120, 121], "excluded_lines": []}, "SecurityManager.should_warn_before_opening": {"executed_lines": [132, 133, 136, 138, 139, 140, 142, 143, 144, 147], "summary": {"covered_lines": 10, "num_statements": 10, "percent_covered": 100.0, "percent_covered_display": "100", "missing_lines": 0, "excluded_lines": 0, "percent_statements_covered": 100.0, "percent_statements_covered_display": "100"}, "missing_lines": [], "excluded_lines": []}, "SecurityManager.allow_extension": {"executed_lines": [155, 156, 157, 159, 160, 162, 165, 166], "summary": {"covered_lines": 8, "num_statements": 8, "percent_covered": 100.0, "percent_covered_display": "100", "missing_lines": 0, "excluded_lines": 0, "percent_statements_covered": 100.0, "percent_statements_covered_display": "100"}, "missing_lines": [], "excluded_lines": []}, "SecurityManager.block_extension": {"executed_lines": [174, 175, 176, 178, 179, 181, 184, 185], "summary": {"covered_lines": 8, "num_statements": 8, "percent_covered": 100.0, "percent_covered_display": "100", "missing_lines": 0, "excluded_lines": 0, "percent_statements_covered": 100.0, "percent_statements_covered_display": "100"}, "missing_lines": [], "excluded_lines": []}, "SecurityManager.get_executable_extensions": {"executed_lines": [193], "summary": {"covered_lines": 1, "num_statements": 1, "percent_covered": 100.0, "percent_covered_display": "100", "missing_lines": 0, "excluded_lines": 0, "percent_statements_covered": 100.0, "percent_statements_covered_display": "100"}, "missing_lines": [], "excluded_lines": []}, "SecurityManager.get_allowed_extensions": {"executed_lines": [201], "summary": {"covered_lines": 1, "num_statements": 1, "percent_covered": 100.0, "percent_covered_display": "100", "missing_lines": 0, "excluded_lines": 0, "percent_statements_covered": 100.0, "percent_statements_covered_display": "100"}, "missing_lines": [], "excluded_lines": []}, "SecurityManager.get_blocked_extensions": {"executed_lines": [209], "summary": {"covered_lines": 1, "num_statements": 1, "percent_covered": 100.0, "percent_covered_display": "100", "missing_lines": 0, "excluded_lines": 0, "percent_statements_covered": 100.0, "percent_statements_covered_display": "100"}, "missing_lines": [], "excluded_lines": []}, "SecurityManager._load_user_preferences": {"executed_lines": [213, 216, 218, 219, 222, 223, 225, 227, 228], "summary": {"covered_lines": 9, "num_statements": 10, "percent_covered": 90.0, "percent_covered_display": "90", "missing_lines": 1, "excluded_lines": 0, "percent_statements_covered": 90.0, "percent_statements_covered_display": "90"}, "missing_lines": [214], "excluded_lines": []}, "SecurityManager._save_user_preferences": {"executed_lines": [232, 235, 237, 241, 244, 246, 247], "summary": {"covered_lines": 7, "num_statements": 8, "percent_covered": 87.5, "percent_covered_display": "88", "missing_lines": 1, "excluded_lines": 0, "percent_statements_covered": 87.5, "percent_statements_covered_display": "88"}, "missing_lines": [233], "excluded_lines": []}, "get_security_manager": {"executed_lines": [265, 266, 268], "summary": {"covered_lines": 3, "num_statements": 3, "percent_covered": 100.0, "percent_covered_display": "100", "missing_lines": 0, "excluded_lines": 0, "percent_statements_covered": 100.0, "percent_statements_covered_display": "100"}, "missing_lines": [], "excluded_lines": []}, "is_executable_file": {"executed_lines": [280, 281], "summary": {"covered_lines": 2, "num_statements": 2, "percent_covered": 100.0, "percent_covered_display": "100", "missing_lines": 0, "excluded_lines": 0, "percent_statements_covered": 100.0, "percent_statements_covered_display": "100"}, "missing_lines": [], "excluded_lines": []}, "should_warn_before_opening_file": {"executed_lines": [293, 294], "summary": {"covered_lines": 2, "num_statements": 2, "percent_covered": 100.0, "percent_covered_display": "100", "missing_lines": 0, "excluded_lines": 0, "percent_statements_covered": 100.0, "percent_statements_covered_display": "100"}, "missing_lines": [], "excluded_lines": []}, "": {"executed_lines": [1, 7, 8, 9, 11, 13, 16, 17, 24, 29, 34, 39, 54, 76, 123, 149, 168, 187, 195, 203, 211, 230, 251, 254, 271, 284], "summary": {"covered_lines": 24, "num_statements": 24, "percent_covered": 100.0, "percent_covered_display": "100", "missing_lines": 0, "excluded_lines": 0, "percent_statements_covered": 100.0, "percent_statements_covered_display": "100"}, "missing_lines": [], "excluded_lines": []}}, "classes": {"SecurityManager": {"executed_lines": [45, 46, 47, 48, 51, 52, 60, 62, 63, 65, 66, 67, 68, 69, 71, 73, 74, 85, 86, 87, 90, 91, 92, 95, 96, 99, 101, 102, 105, 106, 107, 110, 113, 117, 132, 133, 136, 138, 139, 140, 142, 143, 144, 147, 155, 156, 157, 159, 160, 162, 165, 166, 174, 175, 176, 178, 179, 181, 184, 185, 193, 201, 209, 213, 216, 218, 219, 222, 223, 225, 227, 228, 232, 235, 237, 241, 244, 246, 247], "summary": {"covered_lines": 79, "num_statements": 86, "percent_covered": 91.86046511627907, "percent_covered_display": "92", "missing_lines": 7, "excluded_lines": 0, "percent_statements_covered": 91.86046511627907, "percent_statements_covered_display": "92"}, "missing_lines": [114, 115, 119, 120, 121, 214, 233], "excluded_lines": []}, "": {"executed_lines": [1, 7, 8, 9, 11, 13, 16, 17, 24, 29, 34, 39, 54, 76, 123, 149, 168, 187, 195, 203, 211, 230, 251, 254, 265, 266, 268, 271, 280, 281, 284, 293, 294], "summary": {"covered_lines": 31, "num_statements": 31, "percent_covered": 100.0, "percent_covered_display": "100", "missing_lines": 0, "excluded_lines": 0, "percent_statements_covered": 100.0, "percent_statements_covered_display": "100"}, "missing_lines": [], "excluded_lines": []}}}, "src/filesearch/core/sort_engine.py": {"executed_lines": [1, 7, 9, 10, 11, 12, 13, 14, 16, 18, 21, 22, 24, 25, 26, 27, 28, 29, 30, 31, 34, 35, 36, 38, 39, 40, 43, 44, 50, 51, 67, 68, 71, 72, 73, 76, 77, 78, 81, 83, 84, 99, 101, 103, 107, 112, 114, 116, 117, 129, 131, 132, 147, 149, 151, 154, 155, 157, 159, 160, 162, 164, 165, 183, 185, 187, 189, 193, 196, 197, 199, 202, 203, 204, 215, 217, 218, 232, 233, 235, 236, 238, 239, 241, 242, 244, 247, 248, 250, 251, 253, 254, 255, 256], "summary": {"covered_lines": 90, "num_statements": 97, "percent_covered": 92.78350515463917, "percent_covered_display": "93", "missing_lines": 7, "excluded_lines": 0, "percent_statements_covered": 92.78350515463917, "percent_statements_covered_display": "93"}, "missing_lines": [191, 206, 208, 209, 212, 245, 259], "excluded_lines": [], "functions": {"SortEngine.sort_by_name": {"executed_lines": [67, 68, 71, 72, 73, 76, 77, 78, 81], "summary": {"covered_lines": 9, "num_statements": 9, "percent_covered": 100.0, "percent_covered_display": "100", "missing_lines": 0, "excluded_lines": 0, "percent_statements_covered": 100.0, "percent_statements_covered_display": "100"}, "missing_lines": [], "excluded_lines": []}, "SortEngine.sort_by_size": {"executed_lines": [99, 114], "summary": {"covered_lines": 2, "num_statements": 2, "percent_covered": 100.0, "percent_covered_display": "100", "missing_lines": 0, "excluded_lines": 0, "percent_statements_covered": 100.0, "percent_statements_covered_display": "100"}, "missing_lines": [], "excluded_lines": []}, "SortEngine.sort_by_size._get_sort_key": {"executed_lines": [101, 103, 107, 112], "summary": {"covered_lines": 4, "num_statements": 4, "percent_covered": 100.0, "percent_covered_display": "100", "missing_lines": 0, "excluded_lines": 0, "percent_statements_covered": 100.0, "percent_statements_covered_display": "100"}, "missing_lines": [], "excluded_lines": []}, "SortEngine.sort_by_date": {"executed_lines": [129], "summary": {"covered_lines": 1, "num_statements": 1, "percent_covered": 100.0, "percent_covered_display": "100", "missing_lines": 0, "excluded_lines": 0, "percent_statements_covered": 100.0, "percent_statements_covered_display": "100"}, "missing_lines": [], "excluded_lines": []}, "SortEngine.sort_by_type": {"executed_lines": [147, 157, 159, 160, 162], "summary": {"covered_lines": 5, "num_statements": 5, "percent_covered": 100.0, "percent_covered_display": "100", "missing_lines": 0, "excluded_lines": 0, "percent_statements_covered": 100.0, "percent_statements_covered_display": "100"}, "missing_lines": [], "excluded_lines": []}, "SortEngine.sort_by_type._get_type_sort_key": {"executed_lines": [149, 151, 154, 155], "summary": {"covered_lines": 4, "num_statements": 4, "percent_covered": 100.0, "percent_covered_display": "100", "missing_lines": 0, "excluded_lines": 0, "percent_statements_covered": 100.0, "percent_statements_covered_display": "100"}, "missing_lines": [], "excluded_lines": []}, "SortEngine.sort_by_relevance": {"executed_lines": [183, 185, 215], "summary": {"covered_lines": 3, "num_statements": 3, "percent_covered": 100.0, "percent_covered_display": "100", "missing_lines": 0, "excluded_lines": 0, "percent_statements_covered": 100.0, "percent_statements_covered_display": "100"}, "missing_lines": [], "excluded_lines": []}, "SortEngine.sort_by_relevance._calculate_relevance": {"executed_lines": [187, 189, 193, 196, 197, 199, 202, 203, 204], "summary": {"covered_lines": 9, "num_statements": 14, "percent_covered": 64.28571428571429, "percent_covered_display": "64", "missing_lines": 5, "excluded_lines": 0, "percent_statements_covered": 64.28571428571429, "percent_statements_covered_display": "64"}, "missing_lines": [191, 206, 208, 209, 212], "excluded_lines": []}, "SortEngine.sort": {"executed_lines": [232, 233, 235, 236, 238, 239, 241, 242, 244, 247, 248, 250, 251, 253, 254, 255, 256], "summary": {"covered_lines": 17, "num_statements": 19, "percent_covered": 89.47368421052632, "percent_covered_display": "89", "missing_lines": 2, "excluded_lines": 0, "percent_statements_covered": 89.47368421052632, "percent_statements_covered_display": "89"}, "missing_lines": [245, 259], "excluded_lines": []}, "": {"executed_lines": [1, 7, 9, 10, 11, 12, 13, 14, 16, 18, 21, 22, 24, 25, 26, 27, 28, 29, 30, 31, 34, 35, 36, 38, 39, 40, 43, 44, 50, 51, 83, 84, 116, 117, 131, 132, 164, 165, 217, 218], "summary": {"covered_lines": 36, "num_statements": 36, "percent_covered": 100.0, "percent_covered_display": "100", "missing_lines": 0, "excluded_lines": 0, "percent_statements_covered": 100.0, "percent_statements_covered_display": "100"}, "missing_lines": [], "excluded_lines": []}}, "classes": {"SortCriteria": {"executed_lines": [], "summary": {"covered_lines": 0, "num_statements": 0, "percent_covered": 100.0, "percent_covered_display": "100", "missing_lines": 0, "excluded_lines": 0, "percent_statements_covered": 100.0, "percent_statements_covered_display": "100"}, "missing_lines": [], "excluded_lines": []}, "SortResult": {"executed_lines": [], "summary": {"covered_lines": 0, "num_statements": 0, "percent_covered": 100.0, "percent_covered_display": "100", "missing_lines": 0, "excluded_lines": 0, "percent_statements_covered": 100.0, "percent_statements_covered_display": "100"}, "missing_lines": [], "excluded_lines": []}, "SortEngine": {"executed_lines": [67, 68, 71, 72, 73, 76, 77, 78, 81, 99, 101, 103, 107, 112, 114, 129, 147, 149, 151, 154, 155, 157, 159, 160, 162, 183, 185, 187, 189, 193, 196, 197, 199, 202, 203, 204, 215, 232, 233, 235, 236, 238, 239, 241, 242, 244, 247, 248, 250, 251, 253, 254, 255, 256], "summary": {"covered_lines": 54, "num_statements": 61, "percent_covered": 88.52459016393442, "percent_covered_display": "89", "missing_lines": 7, "excluded_lines": 0, "percent_statements_covered": 88.52459016393442, "percent_statements_covered_display": "89"}, "missing_lines": [191, 206, 208, 209, 212, 245, 259], "excluded_lines": []}, "": {"executed_lines": [1, 7, 9, 10, 11, 12, 13, 14, 16, 18, 21, 22, 24, 25, 26, 27, 28, 29, 30, 31, 34, 35, 36, 38, 39, 40, 43, 44, 50, 51, 83, 84, 116, 117, 131, 132, 164, 165, 217, 218], "summary": {"covered_lines": 36, "num_statements": 36, "percent_covered": 100.0, "percent_covered_display": "100", "missing_lines": 0, "excluded_lines": 0, "percent_statements_covered": 100.0, "percent_statements_covered_display": "100"}, "missing_lines": [], "excluded_lines": []}}}, "src/filesearch/main.py": {"executed_lines": [1, 8, 9, 10, 12, 14, 17, 24, 25, 28, 31, 41, 55, 58, 64, 65, 66, 67, 68, 69, 70, 71, 72, 73, 74, 75, 76, 77, 78, 79, 80, 81, 82, 83, 84, 85, 86, 87, 88, 89, 90, 92, 93, 94, 95, 98, 104, 106, 107, 108, 111, 113, 114, 117, 119, 121, 122, 123, 126, 127, 130, 131, 134, 135, 136, 138, 139, 141, 142, 143, 146], "summary": {"covered_lines": 70, "num_statements": 71, "percent_covered": 98.59154929577464, "percent_covered_display": "99", "missing_lines": 1, "excluded_lines": 0, "percent_statements_covered": 98.59154929577464, "percent_statements_covered_display": "99"}, "missing_lines": [147], "excluded_lines": [], "functions": {"setup_logging": {"executed_lines": [24, 25, 28, 31, 41, 55], "summary": {"covered_lines": 6, "num_statements": 6, "percent_covered": 100.0, "percent_covered_display": "100", "missing_lines": 0, "excluded_lines": 0, "percent_statements_covered": 100.0, "percent_statements_covered_display": "100"}, "missing_lines": [], "excluded_lines": []}, "parse_arguments": {"executed_lines": [64, 65, 66, 67, 68, 69, 70, 71, 72, 73, 74, 75, 76, 77, 78, 79, 80, 81, 82, 83, 84, 85, 86, 87, 88, 89, 90, 92, 93, 94, 95], "summary": {"covered_lines": 31, "num_statements": 31, "percent_covered": 100.0, "percent_covered_display": "100", "missing_lines": 0, "excluded_lines": 0, "percent_statements_covered": 100.0, "percent_statements_covered_display": "100"}, "missing_lines": [], "excluded_lines": []}, "main": {"executed_lines": [104, 106, 107, 108, 111, 113, 114, 117, 119, 121, 122, 123, 126, 127, 130, 131, 134, 135, 136, 138, 139, 141, 142, 143], "summary": {"covered_lines": 24, "num_statements": 24, "percent_covered": 100.0, "percent_covered_display": "100", "missing_lines": 0, "excluded_lines": 0, "percent_statements_covered": 100.0, "percent_statements_covered_display": "100"}, "missing_lines": [], "excluded_lines": []}, "": {"executed_lines": [1, 8, 9, 10, 12, 14, 17, 58, 98, 146], "summary": {"covered_lines": 9, "num_statements": 10, "percent_covered": 90.0, "percent_covered_display": "90", "missing_lines": 1, "excluded_lines": 0, "percent_statements_covered": 90.0, "percent_statements_covered_display": "90"}, "missing_lines": [147], "excluded_lines": []}}, "classes": {"": {"executed_lines": [1, 8, 9, 10, 12, 14, 17, 24, 25, 28, 31, 41, 55, 58, 64, 65, 66, 67, 68, 69, 70, 71, 72, 73, 74, 75, 76, 77, 78, 79, 80, 81, 82, 83, 84, 85, 86, 87, 88, 89, 90, 92, 93, 94, 95, 98, 104, 106, 107, 108, 111, 113, 114, 117, 119, 121, 122, 123, 126, 127, 130, 131, 134, 135, 136, 138, 139, 141, 142, 143, 146], "summary": {"covered_lines": 70, "num_statements": 71, "percent_covered": 98.59154929577464, "percent_covered_display": "99", "missing_lines": 1, "excluded_lines": 0, "percent_statements_covered": 98.59154929577464, "percent_statements_covered_display": "99"}, "missing_lines": [147], "excluded_lines": []}}}, "src/filesearch/models/__init__.py": {"executed_lines": [0], "summary": {"covered_lines": 0, "num_statements": 0, "percent_covered": 100.0, "percent_covered_display": "100", "missing_lines": 0, "excluded_lines": 0, "percent_statements_covered": 100.0, "percent_statements_covered_display": "100"}, "missing_lines": [], "excluded_lines": [], "functions": {"": {"executed_lines": [], "summary": {"covered_lines": 0, "num_statements": 0, "percent_covered": 100.0, "percent_covered_display": "100", "missing_lines": 0, "excluded_lines": 0, "percent_statements_covered": 100.0, "percent_statements_covered_display": "100"}, "missing_lines": [], "excluded_lines": []}}, "classes": {"": {"executed_lines": [], "summary": {"covered_lines": 0, "num_statements": 0, "percent_covered": 100.0, "percent_covered_display": "100", "missing_lines": 0, "excluded_lines": 0, "percent_statements_covered": 100.0, "percent_statements_covered_display": "100"}, "missing_lines": [], "excluded_lines": []}}}, "src/filesearch/models/search_result.py": {"executed_lines": [1, 2, 3, 6, 7, 8, 10, 11, 12, 13, 15, 17, 19, 21, 22, 23, 24, 26, 28, 29, 31, 32, 33, 34, 35, 38, 40, 42, 44, 45, 47, 49, 50, 52], "summary": {"covered_lines": 33, "num_statements": 34, "percent_covered": 97.05882352941177, "percent_covered_display": "97", "missing_lines": 1, "excluded_lines": 0, "percent_statements_covered": 97.05882352941177, "percent_statements_covered_display": "97"}, "missing_lines": [36], "excluded_lines": [], "functions": {"SearchResult.get_display_name": {"executed_lines": [17], "summary": {"covered_lines": 1, "num_statements": 1, "percent_covered": 100.0, "percent_covered_display": "100", "missing_lines": 0, "excluded_lines": 0, "percent_statements_covered": 100.0, "percent_statements_covered_display": "100"}, "missing_lines": [], "excluded_lines": []}, "SearchResult.get_display_path": {"executed_lines": [21, 22, 23, 24], "summary": {"covered_lines": 4, "num_statements": 4, "percent_covered": 100.0, "percent_covered_display": "100", "missing_lines": 0, "excluded_lines": 0, "percent_statements_covered": 100.0, "percent_statements_covered_display": "100"}, "missing_lines": [], "excluded_lines": []}, "SearchResult.get_display_size": {"executed_lines": [28, 29, 31, 32, 33, 34, 35], "summary": {"covered_lines": 7, "num_statements": 8, "percent_covered": 87.5, "percent_covered_display": "88", "missing_lines": 1, "excluded_lines": 0, "percent_statements_covered": 87.5, "percent_statements_covered_display": "88"}, "missing_lines": [36], "excluded_lines": []}, "SearchResult.get_display_date": {"executed_lines": [40, 42], "summary": {"covered_lines": 2, "num_statements": 2, "percent_covered": 100.0, "percent_covered_display": "100", "missing_lines": 0, "excluded_lines": 0, "percent_statements_covered": 100.0, "percent_statements_covered_display": "100"}, "missing_lines": [], "excluded_lines": []}, "SearchResult.filename": {"executed_lines": [47], "summary": {"covered_lines": 1, "num_statements": 1, "percent_covered": 100.0, "percent_covered_display": "100", "missing_lines": 0, "excluded_lines": 0, "percent_statements_covered": 100.0, "percent_statements_covered_display": "100"}, "missing_lines": [], "excluded_lines": []}, "SearchResult.is_directory": {"executed_lines": [52], "summary": {"covered_lines": 1, "num_statements": 1, "percent_covered": 100.0, "percent_covered_display": "100", "missing_lines": 0, "excluded_lines": 0, "percent_statements_covered": 100.0, "percent_statements_covered_display": "100"}, "missing_lines": [], "excluded_lines": []}, "": {"executed_lines": [1, 2, 3, 6, 7, 8, 10, 11, 12, 13, 15, 19, 26, 38, 44, 45, 49, 50], "summary": {"covered_lines": 17, "num_statements": 17, "percent_covered": 100.0, "percent_covered_display": "100", "missing_lines": 0, "excluded_lines": 0, "percent_statements_covered": 100.0, "percent_statements_covered_display": "100"}, "missing_lines": [], "excluded_lines": []}}, "classes": {"SearchResult": {"executed_lines": [17, 21, 22, 23, 24, 28, 29, 31, 32, 33, 34, 35, 40, 42, 47, 52], "summary": {"covered_lines": 16, "num_statements": 17, "percent_covered": 94.11764705882354, "percent_covered_display": "94", "missing_lines": 1, "excluded_lines": 0, "percent_statements_covered": 94.11764705882354, "percent_statements_covered_display": "94"}, "missing_lines": [36], "excluded_lines": []}, "": {"executed_lines": [1, 2, 3, 6, 7, 8, 10, 11, 12, 13, 15, 19, 26, 38, 44, 45, 49, 50], "summary": {"covered_lines": 17, "num_statements": 17, "percent_covered": 100.0, "percent_covered_display": "100", "missing_lines": 0, "excluded_lines": 0, "percent_statements_covered": 100.0, "percent_statements_covered_display": "100"}, "missing_lines": [], "excluded_lines": []}}}, "src/filesearch/plugins/builtin/__init__.py": {"executed_lines": [1], "summary": {"covered_lines": 0, "num_statements": 0, "percent_covered": 100.0, "percent_covered_display": "100", "missing_lines": 0, "excluded_lines": 0, "percent_statements_covered": 100.0, "percent_statements_covered_display": "100"}, "missing_lines": [], "excluded_lines": [], "functions": {"": {"executed_lines": [1], "summary": {"covered_lines": 0, "num_statements": 0, "percent_covered": 100.0, "percent_covered_display": "100", "missing_lines": 0, "excluded_lines": 0, "percent_statements_covered": 100.0, "percent_statements_covered_display": "100"}, "missing_lines": [], "excluded_lines": []}}, "classes": {"": {"executed_lines": [1], "summary": {"covered_lines": 0, "num_statements": 0, "percent_covered": 100.0, "percent_covered_display": "100", "missing_lines": 0, "excluded_lines": 0, "percent_statements_covered": 100.0, "percent_statements_covered_display": "100"}, "missing_lines": [], "excluded_lines": []}}}, "src/filesearch/plugins/builtin/example_plugin.py": {"executed_lines": [1, 7, 8, 9, 10, 12, 14, 17, 18, 25, 27, 28, 29, 30, 32, 41, 42, 43, 46, 47, 49, 52, 54, 55, 56, 58, 64, 66, 76, 78, 80, 82, 83, 84, 87, 89, 96, 98, 101, 107, 113, 114, 115, 116, 119, 120, 127, 132, 135, 138, 140, 145, 151, 153, 155, 156, 157], "summary": {"covered_lines": 55, "num_statements": 60, "percent_covered": 91.66666666666667, "percent_covered_display": "92", "missing_lines": 5, "excluded_lines": 0, "percent_statements_covered": 91.66666666666667, "percent_statements_covered_display": "92"}, "missing_lines": [103, 104, 105, 142, 143], "excluded_lines": [], "functions": {"ExamplePlugin.__init__": {"executed_lines": [27, 28, 29, 30], "summary": {"covered_lines": 4, "num_statements": 4, "percent_covered": 100.0, "percent_covered_display": "100", "missing_lines": 0, "excluded_lines": 0, "percent_statements_covered": 100.0, "percent_statements_covered_display": "100"}, "missing_lines": [], "excluded_lines": []}, "ExamplePlugin.initialize": {"executed_lines": [41, 42, 43, 46, 47, 49, 52, 54, 55, 56], "summary": {"covered_lines": 10, "num_statements": 10, "percent_covered": 100.0, "percent_covered_display": "100", "missing_lines": 0, "excluded_lines": 0, "percent_statements_covered": 100.0, "percent_statements_covered_display": "100"}, "missing_lines": [], "excluded_lines": []}, "ExamplePlugin.get_name": {"executed_lines": [64], "summary": {"covered_lines": 1, "num_statements": 1, "percent_covered": 100.0, "percent_covered_display": "100", "missing_lines": 0, "excluded_lines": 0, "percent_statements_covered": 100.0, "percent_statements_covered_display": "100"}, "missing_lines": [], "excluded_lines": []}, "ExamplePlugin.search": {"executed_lines": [76, 78, 80, 82, 83, 84, 87, 89, 96, 98, 101], "summary": {"covered_lines": 11, "num_statements": 14, "percent_covered": 78.57142857142857, "percent_covered_display": "79", "missing_lines": 3, "excluded_lines": 0, "percent_statements_covered": 78.57142857142857, "percent_statements_covered_display": "79"}, "missing_lines": [103, 104, 105], "excluded_lines": []}, "ExamplePlugin.add_recent_file": {"executed_lines": [113, 114, 115, 116, 119, 120, 127, 132, 135, 138, 140], "summary": {"covered_lines": 11, "num_statements": 13, "percent_covered": 84.61538461538461, "percent_covered_display": "85", "missing_lines": 2, "excluded_lines": 0, "percent_statements_covered": 84.61538461538461, "percent_statements_covered_display": "85"}, "missing_lines": [142, 143], "excluded_lines": []}, "ExamplePlugin.get_recent_files": {"executed_lines": [151], "summary": {"covered_lines": 1, "num_statements": 1, "percent_covered": 100.0, "percent_covered_display": "100", "missing_lines": 0, "excluded_lines": 0, "percent_statements_covered": 100.0, "percent_statements_covered_display": "100"}, "missing_lines": [], "excluded_lines": []}, "ExamplePlugin.clear_recent_files": {"executed_lines": [155, 156, 157], "summary": {"covered_lines": 3, "num_statements": 3, "percent_covered": 100.0, "percent_covered_display": "100", "missing_lines": 0, "excluded_lines": 0, "percent_statements_covered": 100.0, "percent_statements_covered_display": "100"}, "missing_lines": [], "excluded_lines": []}, "": {"executed_lines": [1, 7, 8, 9, 10, 12, 14, 17, 18, 25, 32, 58, 66, 107, 145, 153], "summary": {"covered_lines": 14, "num_statements": 14, "percent_covered": 100.0, "percent_covered_display": "100", "missing_lines": 0, "excluded_lines": 0, "percent_statements_covered": 100.0, "percent_statements_covered_display": "100"}, "missing_lines": [], "excluded_lines": []}}, "classes": {"ExamplePlugin": {"executed_lines": [27, 28, 29, 30, 41, 42, 43, 46, 47, 49, 52, 54, 55, 56, 64, 76, 78, 80, 82, 83, 84, 87, 89, 96, 98, 101, 113, 114, 115, 116, 119, 120, 127, 132, 135, 138, 140, 151, 155, 156, 157], "summary": {"covered_lines": 41, "num_statements": 46, "percent_covered": 89.1304347826087, "percent_covered_display": "89", "missing_lines": 5, "excluded_lines": 0, "percent_statements_covered": 89.1304347826087, "percent_statements_covered_display": "89"}, "missing_lines": [103, 104, 105, 142, 143], "excluded_lines": []}, "": {"executed_lines": [1, 7, 8, 9, 10, 12, 14, 17, 18, 25, 32, 58, 66, 107, 145, 153], "summary": {"covered_lines": 14, "num_statements": 14, "percent_covered": 100.0, "percent_covered_display": "100", "missing_lines": 0, "excluded_lines": 0, "percent_statements_covered": 100.0, "percent_statements_covered_display": "100"}, "missing_lines": [], "excluded_lines": []}}}, "src/filesearch/plugins/plugin_base.py": {"executed_lines": [1, 7, 8, 9, 10, 11, 13, 15, 18, 19, 33, 35, 36, 37, 38, 39, 40, 41, 43, 44, 46, 48, 54, 55, 56, 57, 58, 60, 61, 67, 69, 70, 76, 78, 79, 85, 87, 88, 94, 96, 97, 105, 106, 112, 114, 115, 121, 123, 124, 130, 131, 133, 134, 152, 153, 178, 179, 191, 201, 203, 209, 211, 220, 221, 222, 223, 228, 240, 242, 248, 258, 259, 265, 266, 275, 277, 278, 279, 281, 283, 294, 296, 297, 306, 308, 309, 312, 313, 316, 317, 320, 321, 322, 328, 334, 340, 341, 353, 354, 355, 358, 361, 362, 363, 365, 366, 368, 369, 370, 374, 375, 381, 383, 384, 385, 386, 387, 389, 398, 399, 402, 403, 405, 406, 412, 424, 426, 428, 429, 430, 432, 441, 443, 449], "summary": {"covered_lines": 130, "num_statements": 154, "percent_covered": 84.41558441558442, "percent_covered_display": "84", "missing_lines": 24, "excluded_lines": 0, "percent_statements_covered": 84.41558441558442, "percent_statements_covered_display": "84"}, "missing_lines": [103, 150, 176, 189, 224, 225, 226, 284, 285, 289, 291, 292, 326, 329, 332, 336, 337, 338, 408, 409, 410, 437, 438, 439], "excluded_lines": [], "functions": {"SearchPlugin.__init__": {"executed_lines": [35, 36, 37, 38, 39, 40, 41, 43, 44, 46], "summary": {"covered_lines": 10, "num_statements": 10, "percent_covered": 100.0, "percent_covered_display": "100", "missing_lines": 0, "excluded_lines": 0, "percent_statements_covered": 100.0, "percent_statements_covered_display": "100"}, "missing_lines": [], "excluded_lines": []}, "SearchPlugin._load_metadata": {"executed_lines": [54, 55, 56, 57, 58], "summary": {"covered_lines": 5, "num_statements": 5, "percent_covered": 100.0, "percent_covered_display": "100", "missing_lines": 0, "excluded_lines": 0, "percent_statements_covered": 100.0, "percent_statements_covered_display": "100"}, "missing_lines": [], "excluded_lines": []}, "SearchPlugin.name": {"executed_lines": [67], "summary": {"covered_lines": 1, "num_statements": 1, "percent_covered": 100.0, "percent_covered_display": "100", "missing_lines": 0, "excluded_lines": 0, "percent_statements_covered": 100.0, "percent_statements_covered_display": "100"}, "missing_lines": [], "excluded_lines": []}, "SearchPlugin.version": {"executed_lines": [76], "summary": {"covered_lines": 1, "num_statements": 1, "percent_covered": 100.0, "percent_covered_display": "100", "missing_lines": 0, "excluded_lines": 0, "percent_statements_covered": 100.0, "percent_statements_covered_display": "100"}, "missing_lines": [], "excluded_lines": []}, "SearchPlugin.author": {"executed_lines": [85], "summary": {"covered_lines": 1, "num_statements": 1, "percent_covered": 100.0, "percent_covered_display": "100", "missing_lines": 0, "excluded_lines": 0, "percent_statements_covered": 100.0, "percent_statements_covered_display": "100"}, "missing_lines": [], "excluded_lines": []}, "SearchPlugin.description": {"executed_lines": [94], "summary": {"covered_lines": 1, "num_statements": 1, "percent_covered": 100.0, "percent_covered_display": "100", "missing_lines": 0, "excluded_lines": 0, "percent_statements_covered": 100.0, "percent_statements_covered_display": "100"}, "missing_lines": [], "excluded_lines": []}, "SearchPlugin.dependencies": {"executed_lines": [], "summary": {"covered_lines": 0, "num_statements": 1, "percent_covered": 0.0, "percent_covered_display": "0", "missing_lines": 1, "excluded_lines": 0, "percent_statements_covered": 0.0, "percent_statements_covered_display": "0"}, "missing_lines": [103], "excluded_lines": []}, "SearchPlugin.config": {"executed_lines": [112], "summary": {"covered_lines": 1, "num_statements": 1, "percent_covered": 100.0, "percent_covered_display": "100", "missing_lines": 0, "excluded_lines": 0, "percent_statements_covered": 100.0, "percent_statements_covered_display": "100"}, "missing_lines": [], "excluded_lines": []}, "SearchPlugin.enabled": {"executed_lines": [130, 131], "summary": {"covered_lines": 2, "num_statements": 2, "percent_covered": 100.0, "percent_covered_display": "100", "missing_lines": 0, "excluded_lines": 0, "percent_statements_covered": 100.0, "percent_statements_covered_display": "100"}, "missing_lines": [], "excluded_lines": []}, "SearchPlugin.initialize": {"executed_lines": [], "summary": {"covered_lines": 0, "num_statements": 1, "percent_covered": 0.0, "percent_covered_display": "0", "missing_lines": 1, "excluded_lines": 0, "percent_statements_covered": 0.0, "percent_statements_covered_display": "0"}, "missing_lines": [150], "excluded_lines": []}, "SearchPlugin.search": {"executed_lines": [], "summary": {"covered_lines": 0, "num_statements": 1, "percent_covered": 0.0, "percent_covered_display": "0", "missing_lines": 1, "excluded_lines": 0, "percent_statements_covered": 0.0, "percent_statements_covered_display": "0"}, "missing_lines": [176], "excluded_lines": []}, "SearchPlugin.get_name": {"executed_lines": [], "summary": {"covered_lines": 0, "num_statements": 1, "percent_covered": 0.0, "percent_covered_display": "0", "missing_lines": 1, "excluded_lines": 0, "percent_statements_covered": 0.0, "percent_statements_covered_display": "0"}, "missing_lines": [189], "excluded_lines": []}, "SearchPlugin.get_version": {"executed_lines": [201], "summary": {"covered_lines": 1, "num_statements": 1, "percent_covered": 100.0, "percent_covered_display": "100", "missing_lines": 0, "excluded_lines": 0, "percent_statements_covered": 100.0, "percent_statements_covered_display": "100"}, "missing_lines": [], "excluded_lines": []}, "SearchPlugin.cleanup": {"executed_lines": [209], "summary": {"covered_lines": 1, "num_statements": 1, "percent_covered": 100.0, "percent_covered_display": "100", "missing_lines": 0, "excluded_lines": 0, "percent_statements_covered": 100.0, "percent_statements_covered_display": "100"}, "missing_lines": [], "excluded_lines": []}, "SearchPlugin.update_config": {"executed_lines": [220, 221, 222, 223], "summary": {"covered_lines": 4, "num_statements": 7, "percent_covered": 57.142857142857146, "percent_covered_display": "57", "missing_lines": 3, "excluded_lines": 0, "percent_statements_covered": 57.142857142857146, "percent_statements_covered_display": "57"}, "missing_lines": [224, 225, 226], "excluded_lines": []}, "SearchPlugin.validate_config": {"executed_lines": [240], "summary": {"covered_lines": 1, "num_statements": 1, "percent_covered": 100.0, "percent_covered_display": "100", "missing_lines": 0, "excluded_lines": 0, "percent_statements_covered": 100.0, "percent_statements_covered_display": "100"}, "missing_lines": [], "excluded_lines": []}, "SearchPlugin.get_metadata": {"executed_lines": [248], "summary": {"covered_lines": 1, "num_statements": 1, "percent_covered": 100.0, "percent_covered_display": "100", "missing_lines": 0, "excluded_lines": 0, "percent_statements_covered": 100.0, "percent_statements_covered_display": "100"}, "missing_lines": [], "excluded_lines": []}, "PluginDiscovery.discover_from_directory": {"executed_lines": [275, 277, 278, 279, 281, 283, 294], "summary": {"covered_lines": 7, "num_statements": 12, "percent_covered": 58.333333333333336, "percent_covered_display": "58", "missing_lines": 5, "excluded_lines": 0, "percent_statements_covered": 58.333333333333336, "percent_statements_covered_display": "58"}, "missing_lines": [284, 285, 289, 291, 292], "excluded_lines": []}, "PluginDiscovery.is_valid_plugin": {"executed_lines": [306, 308, 309, 312, 313, 316, 317, 320, 321, 322, 328, 334], "summary": {"covered_lines": 12, "num_statements": 18, "percent_covered": 66.66666666666667, "percent_covered_display": "67", "missing_lines": 6, "excluded_lines": 0, "percent_statements_covered": 66.66666666666667, "percent_statements_covered_display": "67"}, "missing_lines": [326, 329, 332, 336, 337, 338], "excluded_lines": []}, "PluginDiscovery.load_plugin": {"executed_lines": [353, 354, 355, 358, 361, 362, 363, 365, 366, 368, 369, 370], "summary": {"covered_lines": 12, "num_statements": 12, "percent_covered": 100.0, "percent_covered_display": "100", "missing_lines": 0, "excluded_lines": 0, "percent_statements_covered": 100.0, "percent_statements_covered_display": "100"}, "missing_lines": [], "excluded_lines": []}, "ExamplePlugin.__init__": {"executed_lines": [383, 384, 385, 386, 387], "summary": {"covered_lines": 5, "num_statements": 5, "percent_covered": 100.0, "percent_covered_display": "100", "missing_lines": 0, "excluded_lines": 0, "percent_statements_covered": 100.0, "percent_statements_covered_display": "100"}, "missing_lines": [], "excluded_lines": []}, "ExamplePlugin.initialize": {"executed_lines": [398, 399, 402, 403, 405, 406], "summary": {"covered_lines": 6, "num_statements": 9, "percent_covered": 66.66666666666667, "percent_covered_display": "67", "missing_lines": 3, "excluded_lines": 0, "percent_statements_covered": 66.66666666666667, "percent_statements_covered_display": "67"}, "missing_lines": [408, 409, 410], "excluded_lines": []}, "ExamplePlugin.search": {"executed_lines": [424, 426, 428, 429, 430, 432, 441], "summary": {"covered_lines": 7, "num_statements": 10, "percent_covered": 70.0, "percent_covered_display": "70", "missing_lines": 3, "excluded_lines": 0, "percent_statements_covered": 70.0, "percent_statements_covered_display": "70"}, "missing_lines": [437, 438, 439], "excluded_lines": []}, "ExamplePlugin.get_name": {"executed_lines": [449], "summary": {"covered_lines": 1, "num_statements": 1, "percent_covered": 100.0, "percent_covered_display": "100", "missing_lines": 0, "excluded_lines": 0, "percent_statements_covered": 100.0, "percent_statements_covered_display": "100"}, "missing_lines": [], "excluded_lines": []}, "": {"executed_lines": [1, 7, 8, 9, 10, 11, 13, 15, 18, 19, 33, 48, 60, 61, 69, 70, 78, 79, 87, 88, 96, 97, 105, 106, 114, 115, 123, 124, 133, 134, 152, 153, 178, 179, 191, 203, 211, 228, 242, 258, 259, 265, 266, 296, 297, 340, 341, 374, 375, 381, 389, 412, 443], "summary": {"covered_lines": 49, "num_statements": 49, "percent_covered": 100.0, "percent_covered_display": "100", "missing_lines": 0, "excluded_lines": 0, "percent_statements_covered": 100.0, "percent_statements_covered_display": "100"}, "missing_lines": [], "excluded_lines": []}}, "classes": {"SearchPlugin": {"executed_lines": [35, 36, 37, 38, 39, 40, 41, 43, 44, 46, 54, 55, 56, 57, 58, 67, 76, 85, 94, 112, 121, 130, 131, 201, 209, 220, 221, 222, 223, 240, 248], "summary": {"covered_lines": 31, "num_statements": 38, "percent_covered": 81.57894736842105, "percent_covered_display": "82", "missing_lines": 7, "excluded_lines": 0, "percent_statements_covered": 81.57894736842105, "percent_statements_covered_display": "82"}, "missing_lines": [103, 150, 176, 189, 224, 225, 226], "excluded_lines": []}, "PluginDiscovery": {"executed_lines": [275, 277, 278, 279, 281, 283, 294, 306, 308, 309, 312, 313, 316, 317, 320, 321, 322, 328, 334, 353, 354, 355, 358, 361, 362, 363, 365, 366, 368, 369, 370], "summary": {"covered_lines": 31, "num_statements": 42, "percent_covered": 73.80952380952381, "percent_covered_display": "74", "missing_lines": 11, "excluded_lines": 0, "percent_statements_covered": 73.80952380952381, "percent_statements_covered_display": "74"}, "missing_lines": [284, 285, 289, 291, 292, 326, 329, 332, 336, 337, 338], "excluded_lines": []}, "ExamplePlugin": {"executed_lines": [383, 384, 385, 386, 387, 398, 399, 402, 403, 405, 406, 424, 426, 428, 429, 430, 432, 441, 449], "summary": {"covered_lines": 19, "num_statements": 25, "percent_covered": 76.0, "percent_covered_display": "76", "missing_lines": 6, "excluded_lines": 0, "percent_statements_covered": 76.0, "percent_statements_covered_display": "76"}, "missing_lines": [408, 409, 410, 437, 438, 439], "excluded_lines": []}, "": {"executed_lines": [1, 7, 8, 9, 10, 11, 13, 15, 18, 19, 33, 48, 60, 61, 69, 70, 78, 79, 87, 88, 96, 97, 105, 106, 114, 115, 123, 124, 133, 134, 152, 153, 178, 179, 191, 203, 211, 228, 242, 258, 259, 265, 266, 296, 297, 340, 341, 374, 375, 381, 389, 412, 443], "summary": {"covered_lines": 49, "num_statements": 49, "percent_covered": 100.0, "percent_covered_display": "100", "missing_lines": 0, "excluded_lines": 0, "percent_statements_covered": 100.0, "percent_statements_covered_display": "100"}, "missing_lines": [], "excluded_lines": []}}}, "src/filesearch/plugins/plugin_manager.py": {"executed_lines": [1, 7, 8, 9, 10, 11, 12, 14, 16, 17, 20, 21, 28, 34, 35, 38, 39, 41, 43, 49, 52, 54, 55, 57, 58, 59, 62, 67, 70, 71, 72, 73, 74, 76, 77, 80, 81, 83, 92, 94, 103, 104, 105, 106, 107, 108, 110, 119, 120, 121, 122, 123, 124, 126, 135, 136, 137, 138, 139, 140, 141, 145, 147, 156, 157, 158, 159, 160, 162, 172, 173, 174, 175, 178, 179, 180, 182, 183, 188, 196, 199, 200, 203, 204, 207, 208, 211, 212, 213, 214, 215, 216, 218, 219, 221, 229, 230, 231, 232, 248, 250, 262, 263, 265, 266, 267, 268, 269, 272, 273, 274, 276, 277, 280, 282, 283, 286, 287, 288, 290, 291, 292, 295, 297, 303, 305, 311, 312, 313, 323, 324, 325, 335, 337, 353, 355, 356, 357, 360, 361, 362, 363, 364, 365, 376, 379, 380, 389, 400, 402, 403, 404, 406, 408, 409, 410, 412, 414, 415, 418, 419, 420, 423, 424, 429, 430, 442, 443, 444, 445, 446, 447, 448, 449, 450, 453, 454], "summary": {"covered_lines": 175, "num_statements": 212, "percent_covered": 82.54716981132076, "percent_covered_display": "83", "missing_lines": 37, "excluded_lines": 0, "percent_statements_covered": 82.54716981132076, "percent_statements_covered_display": "83"}, "missing_lines": [63, 64, 142, 143, 144, 184, 185, 186, 233, 234, 235, 240, 243, 244, 245, 246, 247, 278, 279, 281, 284, 285, 326, 366, 369, 370, 371, 382, 383, 385, 386, 387, 434, 435, 436, 438, 439], "excluded_lines": [], "functions": {"PluginManager.__init__": {"executed_lines": [34, 35, 38, 39, 41], "summary": {"covered_lines": 5, "num_statements": 5, "percent_covered": 100.0, "percent_covered_display": "100", "missing_lines": 0, "excluded_lines": 0, "percent_statements_covered": 100.0, "percent_statements_covered_display": "100"}, "missing_lines": [], "excluded_lines": []}, "PluginManager.load_plugins": {"executed_lines": [49, 52, 54, 55, 57, 58, 59, 62, 67, 70, 71, 72, 73, 74, 76, 77, 80, 81], "summary": {"covered_lines": 18, "num_statements": 20, "percent_covered": 90.0, "percent_covered_display": "90", "missing_lines": 2, "excluded_lines": 0, "percent_statements_covered": 90.0, "percent_statements_covered_display": "90"}, "missing_lines": [63, 64], "excluded_lines": []}, "PluginManager.get_plugin": {"executed_lines": [92], "summary": {"covered_lines": 1, "num_statements": 1, "percent_covered": 100.0, "percent_covered_display": "100", "missing_lines": 0, "excluded_lines": 0, "percent_statements_covered": 100.0, "percent_statements_covered_display": "100"}, "missing_lines": [], "excluded_lines": []}, "PluginManager.enable_plugin": {"executed_lines": [103, 104, 105, 106, 107, 108], "summary": {"covered_lines": 6, "num_statements": 6, "percent_covered": 100.0, "percent_covered_display": "100", "missing_lines": 0, "excluded_lines": 0, "percent_statements_covered": 100.0, "percent_statements_covered_display": "100"}, "missing_lines": [], "excluded_lines": []}, "PluginManager.disable_plugin": {"executed_lines": [119, 120, 121, 122, 123, 124], "summary": {"covered_lines": 6, "num_statements": 6, "percent_covered": 100.0, "percent_covered_display": "100", "missing_lines": 0, "excluded_lines": 0, "percent_statements_covered": 100.0, "percent_statements_covered_display": "100"}, "missing_lines": [], "excluded_lines": []}, "PluginManager.unload_plugin": {"executed_lines": [135, 136, 137, 138, 139, 140, 141, 145], "summary": {"covered_lines": 8, "num_statements": 11, "percent_covered": 72.72727272727273, "percent_covered_display": "73", "missing_lines": 3, "excluded_lines": 0, "percent_statements_covered": 72.72727272727273, "percent_statements_covered_display": "73"}, "missing_lines": [142, 143, 144], "excluded_lines": []}, "PluginManager.get_plugin_config": {"executed_lines": [156, 157, 158, 159, 160], "summary": {"covered_lines": 5, "num_statements": 5, "percent_covered": 100.0, "percent_covered_display": "100", "missing_lines": 0, "excluded_lines": 0, "percent_statements_covered": 100.0, "percent_statements_covered_display": "100"}, "missing_lines": [], "excluded_lines": []}, "PluginManager.set_plugin_config": {"executed_lines": [172, 173, 174, 175, 178, 179, 180, 182, 183], "summary": {"covered_lines": 9, "num_statements": 12, "percent_covered": 75.0, "percent_covered_display": "75", "missing_lines": 3, "excluded_lines": 0, "percent_statements_covered": 75.0, "percent_statements_covered_display": "75"}, "missing_lines": [184, 185, 186], "excluded_lines": []}, "PluginManager.discover_plugins": {"executed_lines": [196, 199, 200, 203, 204, 207, 208, 211, 212, 213, 214, 215, 216, 218, 219], "summary": {"covered_lines": 15, "num_statements": 15, "percent_covered": 100.0, "percent_covered_display": "100", "missing_lines": 0, "excluded_lines": 0, "percent_statements_covered": 100.0, "percent_statements_covered_display": "100"}, "missing_lines": [], "excluded_lines": []}, "PluginManager._discover_from_entry_points": {"executed_lines": [229, 230, 231, 232, 248], "summary": {"covered_lines": 5, "num_statements": 14, "percent_covered": 35.714285714285715, "percent_covered_display": "36", "missing_lines": 9, "excluded_lines": 0, "percent_statements_covered": 35.714285714285715, "percent_statements_covered_display": "36"}, "missing_lines": [233, 234, 235, 240, 243, 244, 245, 246, 247], "excluded_lines": []}, "PluginManager._sort_by_dependencies": {"executed_lines": [262, 263, 265, 266, 267, 268, 269, 272, 273, 274, 276, 290, 291, 292, 295], "summary": {"covered_lines": 15, "num_statements": 15, "p
[...]
7, 609], "excluded_lines": []}, "SettingsDialog.reject": {"executed_lines": [614, 615], "summary": {"covered_lines": 2, "num_statements": 2, "percent_covered": 100.0, "percent_covered_display": "100", "missing_lines": 0, "excluded_lines": 0, "percent_statements_covered": 100.0, "percent_statements_covered_display": "100"}, "missing_lines": [], "excluded_lines": []}, "SettingsDialog.reset_to_defaults": {"executed_lines": [619, 626, 627, 628, 629], "summary": {"covered_lines": 5, "num_statements": 5, "percent_covered": 100.0, "percent_covered_display": "100", "missing_lines": 0, "excluded_lines": 0, "percent_statements_covered": 100.0, "percent_statements_covered_display": "100"}, "missing_lines": [], "excluded_lines": []}, "SettingsDialog.browse_default_directory": {"executed_lines": [], "summary": {"covered_lines": 0, "num_statements": 11, "percent_covered": 0.0, "percent_covered_display": "0", "missing_lines": 11, "excluded_lines": 0, "percent_statements_covered": 0.0, "percent_statements_covered_display": "0"}, "missing_lines": [633, 634, 636, 637, 638, 640, 644, 645, 647, 648, 649], "excluded_lines": []}, "SettingsDialog.add_extension": {"executed_lines": [653, 654, 656, 657, 660, 661, 662, 665, 666, 668, 669, 671], "summary": {"covered_lines": 12, "num_statements": 12, "percent_covered": 100.0, "percent_covered_display": "100", "missing_lines": 0, "excluded_lines": 0, "percent_statements_covered": 100.0, "percent_statements_covered_display": "100"}, "missing_lines": [], "excluded_lines": []}, "SettingsDialog.remove_extension": {"executed_lines": [675, 676, 677, 678], "summary": {"covered_lines": 4, "num_statements": 4, "percent_covered": 100.0, "percent_covered_display": "100", "missing_lines": 0, "excluded_lines": 0, "percent_statements_covered": 100.0, "percent_statements_covered_display": "100"}, "missing_lines": [], "excluded_lines": []}, "SettingsDialog.on_cache_toggled": {"executed_lines": [682, 683], "summary": {"covered_lines": 2, "num_statements": 2, "percent_covered": 100.0, "percent_covered_display": "100", "missing_lines": 0, "excluded_lines": 0, "percent_statements_covered": 100.0, "percent_statements_covered_display": "100"}, "missing_lines": [], "excluded_lines": []}, "SettingsDialog.load_plugin_settings": {"executed_lines": [], "summary": {"covered_lines": 0, "num_statements": 18, "percent_covered": 0.0, "percent_covered_display": "0", "missing_lines": 18, "excluded_lines": 0, "percent_statements_covered": 0.0, "percent_statements_covered_display": "0"}, "missing_lines": [687, 688, 690, 691, 693, 694, 695, 696, 697, 698, 700, 702, 704, 705, 706, 709, 710, 713], "excluded_lines": []}, "SettingsDialog.enable_selected_plugin": {"executed_lines": [], "summary": {"covered_lines": 0, "num_statements": 7, "percent_covered": 0.0, "percent_covered_display": "0", "missing_lines": 7, "excluded_lines": 0, "percent_statements_covered": 0.0, "percent_statements_covered_display": "0"}, "missing_lines": [719, 720, 721, 722, 723, 724, 726], "excluded_lines": []}, "SettingsDialog.disable_selected_plugin": {"executed_lines": [], "summary": {"covered_lines": 0, "num_statements": 7, "percent_covered": 0.0, "percent_covered_display": "0", "missing_lines": 7, "excluded_lines": 0, "percent_statements_covered": 0.0, "percent_statements_covered_display": "0"}, "missing_lines": [732, 733, 734, 735, 736, 737, 739], "excluded_lines": []}, "SettingsDialog.configure_selected_plugin": {"executed_lines": [], "summary": {"covered_lines": 0, "num_statements": 9, "percent_covered": 0.0, "percent_covered_display": "0", "missing_lines": 9, "excluded_lines": 0, "percent_statements_covered": 0.0, "percent_statements_covered_display": "0"}, "missing_lines": [745, 746, 747, 748, 749, 752, 753, 754, 760], "excluded_lines": []}, "SettingsDialog.choose_highlight_color": {"executed_lines": [], "summary": {"covered_lines": 0, "num_statements": 12, "percent_covered": 0.0, "percent_covered_display": "0", "missing_lines": 12, "excluded_lines": 0, "percent_statements_covered": 0.0, "percent_statements_covered_display": "0"}, "missing_lines": [766, 767, 768, 770, 771, 772, 774, 778, 779, 781, 782, 783], "excluded_lines": []}, "SettingsDialog.update_highlight_preview": {"executed_lines": [789, 790, 791, 793, 801, 802, 805, 813, 815, 816], "summary": {"covered_lines": 10, "num_statements": 15, "percent_covered": 66.66666666666667, "percent_covered_display": "67", "missing_lines": 5, "excluded_lines": 0, "percent_statements_covered": 66.66666666666667, "percent_statements_covered_display": "67"}, "missing_lines": [794, 795, 798, 820, 821], "excluded_lines": []}, "": {"executed_lines": [1, 7, 8, 10, 11, 12, 13, 14, 32, 33, 34, 37, 38, 53, 80, 124, 195, 252, 298, 375, 421, 513, 602, 611, 617, 631, 651, 673, 680, 685, 717, 730, 743, 764, 787], "summary": {"covered_lines": 33, "num_statements": 33, "percent_covered": 100.0, "percent_covered_display": "100", "missing_lines": 0, "excluded_lines": 0, "percent_statements_covered": 100.0, "percent_statements_covered_display": "100"}, "missing_lines": [], "excluded_lines": []}}, "classes": {"SettingsDialog": {"executed_lines": [66, 67, 68, 69, 70, 73, 75, 76, 78, 83, 84, 87, 88, 91, 92, 93, 94, 95, 99, 100, 101, 102, 103, 107, 114, 115, 116, 120, 122, 126, 127, 128, 131, 132, 134, 135, 136, 137, 139, 140, 141, 142, 145, 146, 148, 149, 151, 152, 153, 154, 157, 158, 160, 161, 162, 163, 165, 168, 169, 171, 172, 173, 176, 177, 178, 179, 180, 181, 182, 184, 185, 186, 187, 189, 190, 192, 193, 197, 198, 199, 202, 203, 205, 206, 207, 208, 209, 210, 211, 212, 214, 215, 216, 217, 218, 219, 220, 221, 223, 224, 227, 228, 230, 231, 232, 234, 235, 236, 237, 238, 240, 241, 243, 244, 246, 247, 249, 250, 254, 255, 256, 259, 260, 262, 263, 264, 266, 267, 268, 270, 271, 274, 275, 277, 278, 280, 281, 282, 283, 284, 286, 287, 288, 290, 291, 292, 293, 295, 296, 300, 301, 302, 305, 306, 308, 309, 311, 312, 314, 315, 318, 319, 321, 322, 323, 325, 326, 328, 329, 330, 331, 333, 334, 337, 338, 340, 341, 342, 346, 347, 349, 350, 353, 354, 356, 357, 358, 360, 362, 363, 366, 367, 370, 372, 373, 423, 425, 430, 435, 440, 445, 448, 449, 450, 453, 454, 455, 456, 457, 459, 462, 465, 470, 473, 478, 483, 487, 490, 493, 496, 499, 502, 505, 507, 509, 510, 511, 515, 517, 521, 525, 529, 534, 535, 536, 537, 542, 548, 549, 552, 555, 561, 565, 569, 574, 577, 581, 586, 587, 590, 593, 595, 597, 598, 599, 600, 604, 605, 606, 614, 615, 619, 626, 627, 628, 629, 653, 654, 656, 657, 660, 661, 662, 665, 666, 668, 669, 671, 675, 676, 677, 678, 682, 683, 789, 790, 791, 793, 801, 802, 805, 813, 815, 816], "summary": {"covered_lines": 294, "num_statements": 398, "percent_covered": 73.86934673366834, "percent_covered_display": "74", "missing_lines": 104, "excluded_lines": 0, "percent_statements_covered": 73.86934673366834, "percent_statements_covered_display": "74"}, "missing_lines": [96, 104, 377, 378, 379, 382, 383, 385, 386, 387, 390, 391, 392, 393, 395, 396, 397, 399, 400, 401, 402, 404, 405, 406, 409, 410, 412, 413, 415, 416, 418, 419, 484, 607, 609, 633, 634, 636, 637, 638, 640, 644, 645, 647, 648, 649, 687, 688, 690, 691, 693, 694, 695, 696, 697, 698, 700, 702, 704, 705, 706, 709, 710, 713, 719, 720, 721, 722, 723, 724, 726, 732, 733, 734, 735, 736, 737, 739, 745, 746, 747, 748, 749, 752, 753, 754, 760, 766, 767, 768, 770, 771, 772, 774, 778, 779, 781, 782, 783, 794, 795, 798, 820, 821], "excluded_lines": []}, "": {"executed_lines": [1, 7, 8, 10, 11, 12, 13, 14, 32, 33, 34, 37, 38, 53, 80, 124, 195, 252, 298, 375, 421, 513, 602, 611, 617, 631, 651, 673, 680, 685, 717, 730, 743, 764, 787], "summary": {"covered_lines": 33, "num_statements": 33, "percent_covered": 100.0, "percent_covered_display": "100", "missing_lines": 0, "excluded_lines": 0, "percent_statements_covered": 100.0, "percent_statements_covered_display": "100"}, "missing_lines": [], "excluded_lines": []}}}, "src/filesearch/ui/sort_controls.py": {"executed_lines": [1, 3, 4, 6, 9, 10, 13, 15, 16, 17, 18, 20, 22, 23, 26, 27, 30, 31, 32, 33, 34, 35, 36, 37, 38, 39, 42, 43, 44, 45, 48, 50, 52, 54, 55, 57, 59, 60, 61, 63, 86, 88, 89, 91, 92, 94, 96, 98, 99, 100, 102], "summary": {"covered_lines": 49, "num_statements": 58, "percent_covered": 84.48275862068965, "percent_covered_display": "84", "missing_lines": 9, "excluded_lines": 0, "percent_statements_covered": 84.48275862068965, "percent_statements_covered_display": "84"}, "missing_lines": [65, 68, 77, 78, 80, 81, 82, 84, 104], "excluded_lines": [], "functions": {"SortControls.__init__": {"executed_lines": [16, 17, 18], "summary": {"covered_lines": 3, "num_statements": 3, "percent_covered": 100.0, "percent_covered_display": "100", "missing_lines": 0, "excluded_lines": 0, "percent_statements_covered": 100.0, "percent_statements_covered_display": "100"}, "missing_lines": [], "excluded_lines": []}, "SortControls._setup_ui": {"executed_lines": [22, 23, 26, 27, 30, 31, 32, 33, 34, 35, 36, 37, 38, 39, 42, 43, 44, 45, 48, 50], "summary": {"covered_lines": 20, "num_statements": 20, "percent_covered": 100.0, "percent_covered_display": "100", "missing_lines": 0, "excluded_lines": 0, "percent_statements_covered": 100.0, "percent_statements_covered_display": "100"}, "missing_lines": [], "excluded_lines": []}, "SortControls._connect_signals": {"executed_lines": [54, 55], "summary": {"covered_lines": 2, "num_statements": 2, "percent_covered": 100.0, "percent_covered_display": "100", "missing_lines": 0, "excluded_lines": 0, "percent_statements_covered": 100.0, "percent_statements_covered_display": "100"}, "missing_lines": [], "excluded_lines": []}, "SortControls._on_sort_changed": {"executed_lines": [59, 60, 61], "summary": {"covered_lines": 3, "num_statements": 3, "percent_covered": 100.0, "percent_covered_display": "100", "missing_lines": 0, "excluded_lines": 0, "percent_statements_covered": 100.0, "percent_statements_covered_display": "100"}, "missing_lines": [], "excluded_lines": []}, "SortControls._on_reverse_clicked": {"executed_lines": [], "summary": {"covered_lines": 0, "num_statements": 8, "percent_covered": 0.0, "percent_covered_display": "0", "missing_lines": 8, "excluded_lines": 0, "percent_statements_covered": 0.0, "percent_statements_covered_display": "0"}, "missing_lines": [65, 68, 77, 78, 80, 81, 82, 84], "excluded_lines": []}, "SortControls._update_visual_indicator": {"executed_lines": [88, 89, 91, 92, 94], "summary": {"covered_lines": 5, "num_statements": 5, "percent_covered": 100.0, "percent_covered_display": "100", "missing_lines": 0, "excluded_lines": 0, "percent_statements_covered": 100.0, "percent_statements_covered_display": "100"}, "missing_lines": [], "excluded_lines": []}, "SortControls.set_criteria": {"executed_lines": [98, 99, 100], "summary": {"covered_lines": 3, "num_statements": 3, "percent_covered": 100.0, "percent_covered_display": "100", "missing_lines": 0, "excluded_lines": 0, "percent_statements_covered": 100.0, "percent_statements_covered_display": "100"}, "missing_lines": [], "excluded_lines": []}, "SortControls.get_criteria": {"executed_lines": [], "summary": {"covered_lines": 0, "num_statements": 1, "percent_covered": 0.0, "percent_covered_display": "0", "missing_lines": 1, "excluded_lines": 0, "percent_statements_covered": 0.0, "percent_statements_covered_display": "0"}, "missing_lines": [104], "excluded_lines": []}, "": {"executed_lines": [1, 3, 4, 6, 9, 10, 13, 15, 20, 52, 57, 63, 86, 96, 102], "summary": {"covered_lines": 13, "num_statements": 13, "percent_covered": 100.0, "percent_covered_display": "100", "missing_lines": 0, "excluded_lines": 0, "percent_statements_covered": 100.0, "percent_statements_covered_display": "100"}, "missing_lines": [], "excluded_lines": []}}, "classes": {"SortControls": {"executed_lines": [16, 17, 18, 22, 23, 26, 27, 30, 31, 32, 33, 34, 35, 36, 37, 38, 39, 42, 43, 44, 45, 48, 50, 54, 55, 59, 60, 61, 88, 89, 91, 92, 94, 98, 99, 100], "summary": {"covered_lines": 36, "num_statements": 45, "percent_covered": 80.0, "percent_covered_display": "80", "missing_lines": 9, "excluded_lines": 0, "percent_statements_covered": 80.0, "percent_statements_covered_display": "80"}, "missing_lines": [65, 68, 77, 78, 80, 81, 82, 84, 104], "excluded_lines": []}, "": {"executed_lines": [1, 3, 4, 6, 9, 10, 13, 15, 20, 52, 57, 63, 86, 96, 102], "summary": {"covered_lines": 13, "num_statements": 13, "percent_covered": 100.0, "percent_covered_display": "100", "missing_lines": 0, "excluded_lines": 0, "percent_statements_covered": 100.0, "percent_statements_covered_display": "100"}, "missing_lines": [], "excluded_lines": []}}}, "src/filesearch/utils/highlight_engine.py": {"executed_lines": [1, 8, 9, 12, 13, 15, 22, 23, 24, 26, 38, 49, 50, 52, 62, 67, 68, 69, 71, 73, 86, 89, 91, 94, 96, 99, 102, 105, 107, 112, 126, 127, 129, 130, 133, 134, 135, 137, 138, 141, 144, 147, 148, 151, 154, 157, 159, 171, 172, 173, 176, 178, 179, 181, 189, 203, 222, 224, 225, 228, 231, 232, 234, 236, 237, 240, 241, 242, 243, 245, 248, 252, 254, 256, 270, 273, 283, 284, 287, 288, 289, 291], "summary": {"covered_lines": 80, "num_statements": 97, "percent_covered": 82.47422680412372, "percent_covered_display": "82", "missing_lines": 17, "excluded_lines": 0, "percent_statements_covered": 82.47422680412372, "percent_statements_covered_display": "82"}, "missing_lines": [36, 63, 87, 92, 108, 110, 139, 155, 174, 187, 196, 197, 198, 199, 200, 201, 249], "excluded_lines": [], "functions": {"HighlightEngine.__init__": {"executed_lines": [22, 23, 24], "summary": {"covered_lines": 3, "num_statements": 3, "percent_covered": 100.0, "percent_covered_display": "100", "missing_lines": 0, "excluded_lines": 0, "percent_statements_covered": 100.0, "percent_statements_covered_display": "100"}, "missing_lines": [], "excluded_lines": []}, "HighlightEngine._escape_regex": {"executed_lines": [], "summary": {"covered_lines": 0, "num_statements": 1, "percent_covered": 0.0, "percent_covered_display": "0", "missing_lines": 1, "excluded_lines": 0, "percent_statements_covered": 0.0, "percent_statements_covered_display": "0"}, "missing_lines": [36], "excluded_lines": []}, "HighlightEngine._convert_wildcards": {"executed_lines": [49, 50], "summary": {"covered_lines": 2, "num_statements": 2, "percent_covered": 100.0, "percent_covered_display": "100", "missing_lines": 0, "excluded_lines": 0, "percent_statements_covered": 100.0, "percent_statements_covered_display": "100"}, "missing_lines": [], "excluded_lines": []}, "HighlightEngine._should_highlight": {"executed_lines": [62, 67, 68, 69, 71], "summary": {"covered_lines": 5, "num_statements": 6, "percent_covered": 83.33333333333333, "percent_covered_display": "83", "missing_lines": 1, "excluded_lines": 0, "percent_statements_covered": 83.33333333333333, "percent_statements_covered_display": "83"}, "missing_lines": [63], "excluded_lines": []}, "HighlightEngine._compile_pattern": {"executed_lines": [86, 89, 91, 94, 96, 99, 102, 105, 107], "summary": {"covered_lines": 9, "num_statements": 13, "percent_covered": 69.23076923076923, "percent_covered_display": "69", "missing_lines": 4, "excluded_lines": 0, "percent_statements_covered": 69.23076923076923, "percent_statements_covered_display": "69"}, "missing_lines": [87, 92, 108, 110], "excluded_lines": []}, "HighlightEngine.find_matches": {"executed_lines": [126, 127, 129, 130, 133, 134, 135, 137, 138, 141, 144, 147, 148, 151, 154, 157], "summary": {"covered_lines": 16, "num_statements": 18, "percent_covered": 88.88888888888889, "percent_covered_display": "89", "missing_lines": 2, "excluded_lines": 0, "percent_statements_covered": 88.88888888888889, "percent_statements_covered_display": "89"}, "missing_lines": [139, 155], "excluded_lines": []}, "HighlightEngine._split_filename_and_ext": {"executed_lines": [171, 172, 173], "summary": {"covered_lines": 3, "num_statements": 4, "percent_covered": 75.0, "percent_covered_display": "75", "missing_lines": 1, "excluded_lines": 0, "percent_statements_covered": 75.0, "percent_statements_covered_display": "75"}, "missing_lines": [174], "excluded_lines": []}, "HighlightEngine.clear_cache": {"executed_lines": [178, 179], "summary": {"covered_lines": 2, "num_statements": 2, "percent_covered": 100.0, "percent_covered_display": "100", "missing_lines": 0, "excluded_lines": 0, "percent_statements_covered": 100.0, "percent_statements_covered_display": "100"}, "missing_lines": [], "excluded_lines": []}, "HighlightEngine.get_cache_size": {"executed_lines": [], "summary": {"covered_lines": 0, "num_statements": 1, "percent_covered": 0.0, "percent_covered_display": "0", "missing_lines": 1, "excluded_lines": 0, "percent_statements_covered": 0.0, "percent_statements_covered_display": "0"}, "missing_lines": [187], "excluded_lines": []}, "HighlightEngine._prune_cache": {"executed_lines": [], "summary": {"covered_lines": 0, "num_statements": 6, "percent_covered": 0.0, "percent_covered_display": "0", "missing_lines": 6, "excluded_lines": 0, "percent_statements_covered": 0.0, "percent_statements_covered_display": "0"}, "missing_lines": [196, 197, 198, 199, 200, 201], "excluded_lines": []}, "HighlightEngine.generate_highlighted_html": {"executed_lines": [222, 224, 225, 228, 231, 232, 234, 236, 237, 240, 241, 242, 243, 245, 248, 252, 254], "summary": {"covered_lines": 17, "num_statements": 18, "percent_covered": 94.44444444444444, "percent_covered_display": "94", "missing_lines": 1, "excluded_lines": 0, "percent_statements_covered": 94.44444444444444, "percent_statements_covered_display": "94"}, "missing_lines": [249], "excluded_lines": []}, "HighlightEngine.has_matches": {"executed_lines": [270], "summary": {"covered_lines": 1, "num_statements": 1, "percent_covered": 100.0, "percent_covered_display": "100", "missing_lines": 0, "excluded_lines": 0, "percent_statements_covered": 100.0, "percent_statements_covered_display": "100"}, "missing_lines": [], "excluded_lines": []}, "is_valid_highlight_query": {"executed_lines": [283, 284, 287, 288, 289, 291], "summary": {"covered_lines": 6, "num_statements": 6, "percent_covered": 100.0, "percent_covered_display": "100", "missing_lines": 0, "excluded_lines": 0, "percent_statements_covered": 100.0, "percent_statements_covered_display": "100"}, "missing_lines": [], "excluded_lines": []}, "": {"executed_lines": [1, 8, 9, 12, 13, 15, 26, 38, 52, 73, 112, 159, 176, 181, 189, 203, 256, 273], "summary": {"covered_lines": 16, "num_statements": 16, "percent_covered": 100.0, "percent_covered_display": "100", "missing_lines": 0, "excluded_lines": 0, "percent_statements_covered": 100.0, "percent_statements_covered_display": "100"}, "missing_lines": [], "excluded_lines": []}}, "classes": {"HighlightEngine": {"executed_lines": [22, 23, 24, 49, 50, 62, 67, 68, 69, 71, 86, 89, 91, 94, 96, 99, 102, 105, 107, 126, 127, 129, 130, 133, 134, 135, 137, 138, 141, 144, 147, 148, 151, 154, 157, 171, 172, 173, 178, 179, 222, 224, 225, 228, 231, 232, 234, 236, 237, 240, 241, 242, 243, 245, 248, 252, 254, 270], "summary": {"covered_lines": 58, "num_statements": 75, "percent_covered": 77.33333333333333, "percent_covered_display": "77", "missing_lines": 17, "excluded_lines": 0, "percent_statements_covered": 77.33333333333333, "percent_statements_covered_display": "77"}, "missing_lines": [36, 63, 87, 92, 108, 110, 139, 155, 174, 187, 196, 197, 198, 199, 200, 201, 249], "excluded_lines": []}, "": {"executed_lines": [1, 8, 9, 12, 13, 15, 26, 38, 52, 73, 112, 159, 176, 181, 189, 203, 256, 273, 283, 284, 287, 288, 289, 291], "summary": {"covered_lines": 22, "num_statements": 22, "percent_covered": 100.0, "percent_covered_display": "100", "missing_lines": 0, "excluded_lines": 0, "percent_statements_covered": 100.0, "percent_statements_covered_display": "100"}, "missing_lines": [], "excluded_lines": []}}}}, "totals": {"covered_lines": 3129, "num_statements": 4100, "percent_covered": 76.3170731707317, "percent_covered_display": "76", "missing_lines": 971, "excluded_lines": 0, "percent_statements_covered": 76.3170731707317, "percent_statements_covered_display": "76"}}
